[2024-10-16T07:10:06.882+0000] {taskinstance.py:1171} INFO - Dependencies all met for <TaskInstance: stream_to_stores.stream_to_online_task manual__2024-10-16T07:10:05.647598+00:00 [queued]>
[2024-10-16T07:10:07.004+0000] {taskinstance.py:1171} INFO - Dependencies all met for <TaskInstance: stream_to_stores.stream_to_online_task manual__2024-10-16T07:10:05.647598+00:00 [queued]>
[2024-10-16T07:10:07.004+0000] {taskinstance.py:1368} INFO - 
--------------------------------------------------------------------------------
[2024-10-16T07:10:07.004+0000] {taskinstance.py:1369} INFO - Starting attempt 1 of 1
[2024-10-16T07:10:07.004+0000] {taskinstance.py:1370} INFO - 
--------------------------------------------------------------------------------
[2024-10-16T07:10:07.018+0000] {taskinstance.py:1389} INFO - Executing <Task(DockerOperator): stream_to_online_task> on 2024-10-16 07:10:05.647598+00:00
[2024-10-16T07:10:07.022+0000] {standard_task_runner.py:52} INFO - Started process 721 to run task
[2024-10-16T07:10:07.026+0000] {standard_task_runner.py:79} INFO - Running: ['***', 'tasks', 'run', 'stream_to_stores', 'stream_to_online_task', 'manual__2024-10-16T07:10:05.647598+00:00', '--job-id', '16', '--raw', '--subdir', 'DAGS_FOLDER/data_pipeline/stream_to_stores.py', '--cfg-path', '/tmp/tmpplk3er9o', '--error-file', '/tmp/tmprf24lgzb']
[2024-10-16T07:10:07.028+0000] {standard_task_runner.py:80} INFO - Job 16: Subtask stream_to_online_task
[2024-10-16T07:10:07.118+0000] {task_command.py:371} INFO - Running <TaskInstance: stream_to_stores.stream_to_online_task manual__2024-10-16T07:10:05.647598+00:00 [running]> on host bc2dbf4723f9
[2024-10-16T07:10:07.208+0000] {taskinstance.py:1583} INFO - Exporting the following env vars:
AIRFLOW_CTX_DAG_OWNER=mlopsvn
AIRFLOW_CTX_DAG_ID=stream_to_stores
AIRFLOW_CTX_TASK_ID=stream_to_online_task
AIRFLOW_CTX_EXECUTION_DATE=2024-10-16T07:10:05.647598+00:00
AIRFLOW_CTX_TRY_NUMBER=1
AIRFLOW_CTX_DAG_RUN_ID=manual__2024-10-16T07:10:05.647598+00:00
[2024-10-16T07:10:07.227+0000] {docker.py:262} INFO - Starting docker container from image mlopsvn/mlops_crash_course/data_pipeline:latest
[2024-10-16T07:10:07.230+0000] {docker.py:273} WARNING - Using remote engine or docker-in-docker and mounting temporary volume from host is not supported. Falling back to `mount_tmp_dir=False` mode. You can set `mount_tmp_dir` parameter to False to disable mounting and remove the warning
[2024-10-16T07:10:10.913+0000] {docker.py:324} INFO - WARNING: An illegal reflective access operation has occurred
WARNING: Illegal reflective access by org.apache.spark.unsafe.Platform (file:/opt/venv/lib/python3.9/site-packages/pyspark/jars/spark-unsafe_2.12-3.0.1.jar) to constructor java.nio.DirectByteBuffer(long,int)
WARNING: Please consider reporting this to the maintainers of org.apache.spark.unsafe.Platform
WARNING: Use --illegal-access=warn to enable warnings of further illegal reflective access operations
WARNING: All illegal access operations will be denied in a future release
[2024-10-16T07:10:11.111+0000] {docker.py:324} INFO - Ivy Default Cache set to: /root/.ivy2/cache
The jars for the packages stored in: /root/.ivy2/jars
[2024-10-16T07:10:11.144+0000] {docker.py:324} INFO - :: loading settings :: url = jar:file:/opt/venv/lib/python3.9/site-packages/pyspark/jars/ivy-2.4.0.jar!/org/apache/ivy/core/settings/ivysettings.xml
[2024-10-16T07:10:11.323+0000] {docker.py:324} INFO - org.apache.spark#spark-sql-kafka-0-10_2.12 added as a dependency
[2024-10-16T07:10:11.326+0000] {docker.py:324} INFO - :: resolving dependencies :: org.apache.spark#spark-submit-parent-564dea47-ea19-4386-906a-affe8b499075;1.0
	confs: [default]
[2024-10-16T07:10:17.879+0000] {docker.py:324} INFO - found org.apache.spark#spark-sql-kafka-0-10_2.12;3.0.0 in central
[2024-10-16T07:10:19.230+0000] {docker.py:324} INFO - found org.apache.spark#spark-token-provider-kafka-0-10_2.12;3.0.0 in central
[2024-10-16T07:10:20.441+0000] {docker.py:324} INFO - found org.apache.kafka#kafka-clients;2.4.1 in central
[2024-10-16T07:10:21.750+0000] {docker.py:324} INFO - found com.github.luben#zstd-jni;1.4.4-3 in central
[2024-10-16T07:10:22.879+0000] {docker.py:324} INFO - found org.lz4#lz4-java;1.7.1 in central
[2024-10-16T07:10:24.209+0000] {docker.py:324} INFO - found org.xerial.snappy#snappy-java;1.1.7.5 in central
[2024-10-16T07:10:27.484+0000] {docker.py:324} INFO - found org.slf4j#slf4j-api;1.7.30 in central
[2024-10-16T07:10:27.485+0000] {docker.py:324} INFO - 
[2024-10-16T07:10:29.942+0000] {docker.py:324} INFO - found org.spark-project.spark#unused;1.0.0 in central
[2024-10-16T07:10:33.311+0000] {docker.py:324} INFO - found org.apache.commons#commons-pool2;2.6.2 in central
[2024-10-16T07:10:33.321+0000] {docker.py:324} INFO - downloading https://repo1.maven.org/maven2/org/apache/spark/spark-sql-kafka-0-10_2.12/3.0.0/spark-sql-kafka-0-10_2.12-3.0.0.jar ...
[2024-10-16T07:10:34.170+0000] {docker.py:324} INFO - [SUCCESSFUL ] org.apache.spark#spark-sql-kafka-0-10_2.12;3.0.0!spark-sql-kafka-0-10_2.12.jar (849ms)
[2024-10-16T07:10:34.172+0000] {docker.py:324} INFO - downloading https://repo1.maven.org/maven2/org/apache/spark/spark-token-provider-kafka-0-10_2.12/3.0.0/spark-token-provider-kafka-0-10_2.12-3.0.0.jar ...
[2024-10-16T07:10:34.428+0000] {docker.py:324} INFO - [SUCCESSFUL ] org.apache.spark#spark-token-provider-kafka-0-10_2.12;3.0.0!spark-token-provider-kafka-0-10_2.12.jar (257ms)
[2024-10-16T07:10:34.430+0000] {docker.py:324} INFO - downloading https://repo1.maven.org/maven2/org/apache/kafka/kafka-clients/2.4.1/kafka-clients-2.4.1.jar ...
[2024-10-16T07:10:37.598+0000] {docker.py:324} INFO - [SUCCESSFUL ] org.apache.kafka#kafka-clients;2.4.1!kafka-clients.jar (3168ms)
[2024-10-16T07:10:37.600+0000] {docker.py:324} INFO - downloading https://repo1.maven.org/maven2/org/apache/commons/commons-pool2/2.6.2/commons-pool2-2.6.2.jar ...
[2024-10-16T07:10:37.891+0000] {docker.py:324} INFO - [SUCCESSFUL ] org.apache.commons#commons-pool2;2.6.2!commons-pool2.jar (292ms)
[2024-10-16T07:10:37.892+0000] {docker.py:324} INFO - downloading https://repo1.maven.org/maven2/org/spark-project/spark/unused/1.0.0/unused-1.0.0.jar ...
[2024-10-16T07:10:38.137+0000] {docker.py:324} INFO - [SUCCESSFUL ] org.spark-project.spark#unused;1.0.0!unused.jar (245ms)
[2024-10-16T07:10:38.138+0000] {docker.py:324} INFO - downloading https://repo1.maven.org/maven2/com/github/luben/zstd-jni/1.4.4-3/zstd-jni-1.4.4-3.jar ...
[2024-10-16T07:10:41.614+0000] {docker.py:324} INFO - [SUCCESSFUL ] com.github.luben#zstd-jni;1.4.4-3!zstd-jni.jar (3476ms)
[2024-10-16T07:10:41.616+0000] {docker.py:324} INFO - downloading https://repo1.maven.org/maven2/org/lz4/lz4-java/1.7.1/lz4-java-1.7.1.jar ...
[2024-10-16T07:10:42.527+0000] {docker.py:324} INFO - [SUCCESSFUL ] org.lz4#lz4-java;1.7.1!lz4-java.jar (911ms)
[2024-10-16T07:10:42.527+0000] {docker.py:324} INFO - downloading https://repo1.maven.org/maven2/org/xerial/snappy/snappy-java/1.1.7.5/snappy-java-1.1.7.5.jar ...
[2024-10-16T07:10:44.691+0000] {docker.py:324} INFO - [SUCCESSFUL ] org.xerial.snappy#snappy-java;1.1.7.5!snappy-java.jar(bundle) (2164ms)
[2024-10-16T07:10:44.692+0000] {docker.py:324} INFO - downloading https://repo1.maven.org/maven2/org/slf4j/slf4j-api/1.7.30/slf4j-api-1.7.30.jar ...
[2024-10-16T07:10:44.998+0000] {docker.py:324} INFO - [SUCCESSFUL ] org.slf4j#slf4j-api;1.7.30!slf4j-api.jar (306ms)
[2024-10-16T07:10:44.998+0000] {docker.py:324} INFO - :: resolution report :: resolve 21995ms :: artifacts dl 11678ms
[2024-10-16T07:10:44.999+0000] {docker.py:324} INFO - :: modules in use:
[2024-10-16T07:10:44.999+0000] {docker.py:324} INFO - com.github.luben#zstd-jni;1.4.4-3 from central in [default]
[2024-10-16T07:10:45.000+0000] {docker.py:324} INFO - org.apache.commons#commons-pool2;2.6.2 from central in [default]
	org.apache.kafka#kafka-clients;2.4.1 from central in [default]
	org.apache.spark#spark-sql-kafka-0-10_2.12;3.0.0 from central in [default]
	org.apache.spark#spark-token-provider-kafka-0-10_2.12;3.0.0 from central in [default]
[2024-10-16T07:10:45.000+0000] {docker.py:324} INFO - org.lz4#lz4-java;1.7.1 from central in [default]
	org.slf4j#slf4j-api;1.7.30 from central in [default]
[2024-10-16T07:10:45.000+0000] {docker.py:324} INFO - org.spark-project.spark#unused;1.0.0 from central in [default]
[2024-10-16T07:10:45.000+0000] {docker.py:324} INFO - org.xerial.snappy#snappy-java;1.1.7.5 from central in [default]
[2024-10-16T07:10:45.000+0000] {docker.py:324} INFO - ---------------------------------------------------------------------
[2024-10-16T07:10:45.000+0000] {docker.py:324} INFO - |                  |            modules            ||   artifacts   |
	|       conf       | number| search|dwnlded|evicted|| number|dwnlded|
[2024-10-16T07:10:45.001+0000] {docker.py:324} INFO - ---------------------------------------------------------------------
	|      default     |   9   |   9   |   9   |   0   ||   9   |   9   |
	---------------------------------------------------------------------
[2024-10-16T07:10:45.005+0000] {docker.py:324} INFO - :: retrieving :: org.apache.spark#spark-submit-parent-564dea47-ea19-4386-906a-affe8b499075
[2024-10-16T07:10:45.005+0000] {docker.py:324} INFO - confs: [default]
[2024-10-16T07:10:45.024+0000] {docker.py:324} INFO - 9 artifacts copied, 0 already retrieved (10393kB/19ms)
[2024-10-16T07:10:45.244+0000] {docker.py:324} INFO - 24/10/16 07:10:45 WARN NativeCodeLoader: Unable to load native-hadoop library for your platform... using builtin-java classes where applicable
[2024-10-16T07:10:45.717+0000] {docker.py:324} INFO - Using Spark's default log4j profile: org/apache/spark/log4j-defaults.properties
[2024-10-16T07:10:45.718+0000] {docker.py:324} INFO - Setting default log level to "WARN".
To adjust logging level use sc.setLogLevel(newLevel). For SparkR, use setLogLevel(newLevel).
[2024-10-16T07:10:47.208+0000] {docker.py:324} INFO - /opt/venv/lib/python3.9/site-packages/pyspark/sql/context.py:75: DeprecationWarning: Deprecated in 3.0.0. Use SparkSession.builder.getOrCreate() instead.
  warnings.warn(
[2024-10-16T07:10:47.976+0000] {docker.py:324} INFO - /opt/venv/lib/python3.9/site-packages/feast/repo_config.py:207: RuntimeWarning: `entity_key_serialization_version` is either not specified in the feature_store.yaml, or is specified to a value <= 1.This serialization version may cause errors when trying to write fields with the `Long` data type into the online store. Specifying `entity_key_serialization_version` to 2 is recommended for new projects. 
  warnings.warn(
[2024-10-16T07:10:47.984+0000] {docker.py:324} INFO - /opt/venv/lib/python3.9/site-packages/feast/stream_feature_view.py:93: RuntimeWarning: Stream feature views are experimental features in alpha development. Some functionality may still be unstable so functionality can change in the future.
  warnings.warn(
[2024-10-16T07:10:50.609+0000] {docker.py:324} INFO - 24/10/16 07:10:50 WARN NetworkClient: [Consumer clientId=consumer-spark-kafka-source-506bf573-833e-4508-88d1-ee7e3edbceb5--2090736517-driver-0-1, groupId=spark-kafka-source-506bf573-833e-4508-88d1-ee7e3edbceb5--2090736517-driver-0] Connection to node -1 (localhost/127.0.0.1:29092) could not be established. Broker may not be available.
[2024-10-16T07:10:50.610+0000] {docker.py:324} INFO - 24/10/16 07:10:50 WARN NetworkClient: [Consumer clientId=consumer-spark-kafka-source-506bf573-833e-4508-88d1-ee7e3edbceb5--2090736517-driver-0-1, groupId=spark-kafka-source-506bf573-833e-4508-88d1-ee7e3edbceb5--2090736517-driver-0] Bootstrap broker localhost:29092 (id: -1 rack: null) disconnected
[2024-10-16T07:10:50.711+0000] {docker.py:324} INFO - 24/10/16 07:10:50 WARN NetworkClient: [Consumer clientId=consumer-spark-kafka-source-506bf573-833e-4508-88d1-ee7e3edbceb5--2090736517-driver-0-1, groupId=spark-kafka-source-506bf573-833e-4508-88d1-ee7e3edbceb5--2090736517-driver-0] Connection to node -1 (localhost/127.0.0.1:29092) could not be established. Broker may not be available.
24/10/16 07:10:50 WARN NetworkClient: [Consumer clientId=consumer-spark-kafka-source-506bf573-833e-4508-88d1-ee7e3edbceb5--2090736517-driver-0-1, groupId=spark-kafka-source-506bf573-833e-4508-88d1-ee7e3edbceb5--2090736517-driver-0] Bootstrap broker localhost:29092 (id: -1 rack: null) disconnected
[2024-10-16T07:10:50.863+0000] {docker.py:324} INFO - 24/10/16 07:10:50 WARN NetworkClient: [Consumer clientId=consumer-spark-kafka-source-506bf573-833e-4508-88d1-ee7e3edbceb5--2090736517-driver-0-1, groupId=spark-kafka-source-506bf573-833e-4508-88d1-ee7e3edbceb5--2090736517-driver-0] Connection to node -1 (localhost/127.0.0.1:29092) could not be established. Broker may not be available.
[2024-10-16T07:10:50.864+0000] {docker.py:324} INFO - 24/10/16 07:10:50 WARN NetworkClient: [Consumer clientId=consumer-spark-kafka-source-506bf573-833e-4508-88d1-ee7e3edbceb5--2090736517-driver-0-1, groupId=spark-kafka-source-506bf573-833e-4508-88d1-ee7e3edbceb5--2090736517-driver-0] Bootstrap broker localhost:29092 (id: -1 rack: null) disconnected
[2024-10-16T07:10:51.065+0000] {docker.py:324} INFO - 24/10/16 07:10:51 WARN NetworkClient: [Consumer clientId=consumer-spark-kafka-source-506bf573-833e-4508-88d1-ee7e3edbceb5--2090736517-driver-0-1, groupId=spark-kafka-source-506bf573-833e-4508-88d1-ee7e3edbceb5--2090736517-driver-0] Connection to node -1 (localhost/127.0.0.1:29092) could not be established. Broker may not be available.
24/10/16 07:10:51 WARN NetworkClient: [Consumer clientId=consumer-spark-kafka-source-506bf573-833e-4508-88d1-ee7e3edbceb5--2090736517-driver-0-1, groupId=spark-kafka-source-506bf573-833e-4508-88d1-ee7e3edbceb5--2090736517-driver-0] Bootstrap broker localhost:29092 (id: -1 rack: null) disconnected
[2024-10-16T07:10:51.468+0000] {docker.py:324} INFO - 24/10/16 07:10:51 WARN NetworkClient: [Consumer clientId=consumer-spark-kafka-source-506bf573-833e-4508-88d1-ee7e3edbceb5--2090736517-driver-0-1, groupId=spark-kafka-source-506bf573-833e-4508-88d1-ee7e3edbceb5--2090736517-driver-0] Connection to node -1 (localhost/127.0.0.1:29092) could not be established. Broker may not be available.
24/10/16 07:10:51 WARN NetworkClient: [Consumer clientId=consumer-spark-kafka-source-506bf573-833e-4508-88d1-ee7e3edbceb5--2090736517-driver-0-1, groupId=spark-kafka-source-506bf573-833e-4508-88d1-ee7e3edbceb5--2090736517-driver-0] Bootstrap broker localhost:29092 (id: -1 rack: null) disconnected
[2024-10-16T07:10:52.224+0000] {docker.py:324} INFO - 24/10/16 07:10:52 WARN NetworkClient: [Consumer clientId=consumer-spark-kafka-source-506bf573-833e-4508-88d1-ee7e3edbceb5--2090736517-driver-0-1, groupId=spark-kafka-source-506bf573-833e-4508-88d1-ee7e3edbceb5--2090736517-driver-0] Connection to node -1 (localhost/127.0.0.1:29092) could not be established. Broker may not be available.
24/10/16 07:10:52 WARN NetworkClient: [Consumer clientId=consumer-spark-kafka-source-506bf573-833e-4508-88d1-ee7e3edbceb5--2090736517-driver-0-1, groupId=spark-kafka-source-506bf573-833e-4508-88d1-ee7e3edbceb5--2090736517-driver-0] Bootstrap broker localhost:29092 (id: -1 rack: null) disconnected
[2024-10-16T07:10:53.384+0000] {docker.py:324} INFO - 24/10/16 07:10:53 WARN NetworkClient: [Consumer clientId=consumer-spark-kafka-source-506bf573-833e-4508-88d1-ee7e3edbceb5--2090736517-driver-0-1, groupId=spark-kafka-source-506bf573-833e-4508-88d1-ee7e3edbceb5--2090736517-driver-0] Connection to node -1 (localhost/127.0.0.1:29092) could not be established. Broker may not be available.
24/10/16 07:10:53 WARN NetworkClient: [Consumer clientId=consumer-spark-kafka-source-506bf573-833e-4508-88d1-ee7e3edbceb5--2090736517-driver-0-1, groupId=spark-kafka-source-506bf573-833e-4508-88d1-ee7e3edbceb5--2090736517-driver-0] Bootstrap broker localhost:29092 (id: -1 rack: null) disconnected
[2024-10-16T07:10:54.443+0000] {docker.py:324} INFO - 24/10/16 07:10:54 WARN NetworkClient: [Consumer clientId=consumer-spark-kafka-source-506bf573-833e-4508-88d1-ee7e3edbceb5--2090736517-driver-0-1, groupId=spark-kafka-source-506bf573-833e-4508-88d1-ee7e3edbceb5--2090736517-driver-0] Connection to node -1 (localhost/127.0.0.1:29092) could not be established. Broker may not be available.
24/10/16 07:10:54 WARN NetworkClient: [Consumer clientId=consumer-spark-kafka-source-506bf573-833e-4508-88d1-ee7e3edbceb5--2090736517-driver-0-1, groupId=spark-kafka-source-506bf573-833e-4508-88d1-ee7e3edbceb5--2090736517-driver-0] Bootstrap broker localhost:29092 (id: -1 rack: null) disconnected
[2024-10-16T07:10:55.653+0000] {docker.py:324} INFO - 24/10/16 07:10:55 WARN NetworkClient: [Consumer clientId=consumer-spark-kafka-source-506bf573-833e-4508-88d1-ee7e3edbceb5--2090736517-driver-0-1, groupId=spark-kafka-source-506bf573-833e-4508-88d1-ee7e3edbceb5--2090736517-driver-0] Connection to node -1 (localhost/127.0.0.1:29092) could not be established. Broker may not be available.
24/10/16 07:10:55 WARN NetworkClient: [Consumer clientId=consumer-spark-kafka-source-506bf573-833e-4508-88d1-ee7e3edbceb5--2090736517-driver-0-1, groupId=spark-kafka-source-506bf573-833e-4508-88d1-ee7e3edbceb5--2090736517-driver-0] Bootstrap broker localhost:29092 (id: -1 rack: null) disconnected
[2024-10-16T07:10:56.811+0000] {docker.py:324} INFO - 24/10/16 07:10:56 WARN NetworkClient: [Consumer clientId=consumer-spark-kafka-source-506bf573-833e-4508-88d1-ee7e3edbceb5--2090736517-driver-0-1, groupId=spark-kafka-source-506bf573-833e-4508-88d1-ee7e3edbceb5--2090736517-driver-0] Connection to node -1 (localhost/127.0.0.1:29092) could not be established. Broker may not be available.
24/10/16 07:10:56 WARN NetworkClient: [Consumer clientId=consumer-spark-kafka-source-506bf573-833e-4508-88d1-ee7e3edbceb5--2090736517-driver-0-1, groupId=spark-kafka-source-506bf573-833e-4508-88d1-ee7e3edbceb5--2090736517-driver-0] Bootstrap broker localhost:29092 (id: -1 rack: null) disconnected
[2024-10-16T07:10:57.818+0000] {docker.py:324} INFO - 24/10/16 07:10:57 WARN NetworkClient: [Consumer clientId=consumer-spark-kafka-source-506bf573-833e-4508-88d1-ee7e3edbceb5--2090736517-driver-0-1, groupId=spark-kafka-source-506bf573-833e-4508-88d1-ee7e3edbceb5--2090736517-driver-0] Connection to node -1 (localhost/127.0.0.1:29092) could not be established. Broker may not be available.
24/10/16 07:10:57 WARN NetworkClient: [Consumer clientId=consumer-spark-kafka-source-506bf573-833e-4508-88d1-ee7e3edbceb5--2090736517-driver-0-1, groupId=spark-kafka-source-506bf573-833e-4508-88d1-ee7e3edbceb5--2090736517-driver-0] Bootstrap broker localhost:29092 (id: -1 rack: null) disconnected
[2024-10-16T07:10:58.975+0000] {docker.py:324} INFO - 24/10/16 07:10:58 WARN NetworkClient: [Consumer clientId=consumer-spark-kafka-source-506bf573-833e-4508-88d1-ee7e3edbceb5--2090736517-driver-0-1, groupId=spark-kafka-source-506bf573-833e-4508-88d1-ee7e3edbceb5--2090736517-driver-0] Connection to node -1 (localhost/127.0.0.1:29092) could not be established. Broker may not be available.
24/10/16 07:10:58 WARN NetworkClient: [Consumer clientId=consumer-spark-kafka-source-506bf573-833e-4508-88d1-ee7e3edbceb5--2090736517-driver-0-1, groupId=spark-kafka-source-506bf573-833e-4508-88d1-ee7e3edbceb5--2090736517-driver-0] Bootstrap broker localhost:29092 (id: -1 rack: null) disconnected
[2024-10-16T07:11:00.083+0000] {docker.py:324} INFO - 24/10/16 07:11:00 WARN NetworkClient: [Consumer clientId=consumer-spark-kafka-source-506bf573-833e-4508-88d1-ee7e3edbceb5--2090736517-driver-0-1, groupId=spark-kafka-source-506bf573-833e-4508-88d1-ee7e3edbceb5--2090736517-driver-0] Connection to node -1 (localhost/127.0.0.1:29092) could not be established. Broker may not be available.
[2024-10-16T07:11:00.083+0000] {docker.py:324} INFO - 24/10/16 07:11:00 WARN NetworkClient: [Consumer clientId=consumer-spark-kafka-source-506bf573-833e-4508-88d1-ee7e3edbceb5--2090736517-driver-0-1, groupId=spark-kafka-source-506bf573-833e-4508-88d1-ee7e3edbceb5--2090736517-driver-0] Bootstrap broker localhost:29092 (id: -1 rack: null) disconnected
[2024-10-16T07:11:01.037+0000] {docker.py:324} INFO - 24/10/16 07:11:01 WARN NetworkClient: [Consumer clientId=consumer-spark-kafka-source-506bf573-833e-4508-88d1-ee7e3edbceb5--2090736517-driver-0-1, groupId=spark-kafka-source-506bf573-833e-4508-88d1-ee7e3edbceb5--2090736517-driver-0] Connection to node -1 (localhost/127.0.0.1:29092) could not be established. Broker may not be available.
24/10/16 07:11:01 WARN NetworkClient: [Consumer clientId=consumer-spark-kafka-source-506bf573-833e-4508-88d1-ee7e3edbceb5--2090736517-driver-0-1, groupId=spark-kafka-source-506bf573-833e-4508-88d1-ee7e3edbceb5--2090736517-driver-0] Bootstrap broker localhost:29092 (id: -1 rack: null) disconnected
[2024-10-16T07:11:02.094+0000] {docker.py:324} INFO - 24/10/16 07:11:02 WARN NetworkClient: [Consumer clientId=consumer-spark-kafka-source-506bf573-833e-4508-88d1-ee7e3edbceb5--2090736517-driver-0-1, groupId=spark-kafka-source-506bf573-833e-4508-88d1-ee7e3edbceb5--2090736517-driver-0] Connection to node -1 (localhost/127.0.0.1:29092) could not be established. Broker may not be available.
24/10/16 07:11:02 WARN NetworkClient: [Consumer clientId=consumer-spark-kafka-source-506bf573-833e-4508-88d1-ee7e3edbceb5--2090736517-driver-0-1, groupId=spark-kafka-source-506bf573-833e-4508-88d1-ee7e3edbceb5--2090736517-driver-0] Bootstrap broker localhost:29092 (id: -1 rack: null) disconnected
[2024-10-16T07:11:03.253+0000] {docker.py:324} INFO - 24/10/16 07:11:03 WARN NetworkClient: [Consumer clientId=consumer-spark-kafka-source-506bf573-833e-4508-88d1-ee7e3edbceb5--2090736517-driver-0-1, groupId=spark-kafka-source-506bf573-833e-4508-88d1-ee7e3edbceb5--2090736517-driver-0] Connection to node -1 (localhost/127.0.0.1:29092) could not be established. Broker may not be available.
24/10/16 07:11:03 WARN NetworkClient: [Consumer clientId=consumer-spark-kafka-source-506bf573-833e-4508-88d1-ee7e3edbceb5--2090736517-driver-0-1, groupId=spark-kafka-source-506bf573-833e-4508-88d1-ee7e3edbceb5--2090736517-driver-0] Bootstrap broker localhost:29092 (id: -1 rack: null) disconnected
[2024-10-16T07:11:04.211+0000] {docker.py:324} INFO - 24/10/16 07:11:04 WARN NetworkClient: [Consumer clientId=consumer-spark-kafka-source-506bf573-833e-4508-88d1-ee7e3edbceb5--2090736517-driver-0-1, groupId=spark-kafka-source-506bf573-833e-4508-88d1-ee7e3edbceb5--2090736517-driver-0] Connection to node -1 (localhost/127.0.0.1:29092) could not be established. Broker may not be available.
24/10/16 07:11:04 WARN NetworkClient: [Consumer clientId=consumer-spark-kafka-source-506bf573-833e-4508-88d1-ee7e3edbceb5--2090736517-driver-0-1, groupId=spark-kafka-source-506bf573-833e-4508-88d1-ee7e3edbceb5--2090736517-driver-0] Bootstrap broker localhost:29092 (id: -1 rack: null) disconnected
[2024-10-16T07:11:05.268+0000] {docker.py:324} INFO - 24/10/16 07:11:05 WARN NetworkClient: [Consumer clientId=consumer-spark-kafka-source-506bf573-833e-4508-88d1-ee7e3edbceb5--2090736517-driver-0-1, groupId=spark-kafka-source-506bf573-833e-4508-88d1-ee7e3edbceb5--2090736517-driver-0] Connection to node -1 (localhost/127.0.0.1:29092) could not be established. Broker may not be available.
24/10/16 07:11:05 WARN NetworkClient: [Consumer clientId=consumer-spark-kafka-source-506bf573-833e-4508-88d1-ee7e3edbceb5--2090736517-driver-0-1, groupId=spark-kafka-source-506bf573-833e-4508-88d1-ee7e3edbceb5--2090736517-driver-0] Bootstrap broker localhost:29092 (id: -1 rack: null) disconnected
[2024-10-16T07:11:05.328+0000] {docker.py:324} INFO - Feast is an open source project that collects anonymized error reporting and usage statistics. To opt out or learn more see https://docs.feast.dev/reference/usage
[2024-10-16T07:11:05.697+0000] {taskinstance.py:1412} INFO - Marking task as SUCCESS. dag_id=stream_to_stores, task_id=stream_to_online_task, execution_date=20241016T071005, start_date=20241016T071006, end_date=20241016T071105
[2024-10-16T07:11:05.730+0000] {local_task_job.py:156} INFO - Task exited with return code 0
[2024-10-16T07:11:05.758+0000] {local_task_job.py:279} INFO - 0 downstream tasks scheduled from follow-on schedule check
