[2024-09-23T10:45:14.462+0000] {taskinstance.py:1171} INFO - Dependencies all met for <TaskInstance: stream_to_stores.stream_to_offline_task manual__2024-09-23T10:45:13.208324+00:00 [queued]>
[2024-09-23T10:45:14.623+0000] {taskinstance.py:1171} INFO - Dependencies all met for <TaskInstance: stream_to_stores.stream_to_offline_task manual__2024-09-23T10:45:13.208324+00:00 [queued]>
[2024-09-23T10:45:14.623+0000] {taskinstance.py:1368} INFO - 
--------------------------------------------------------------------------------
[2024-09-23T10:45:14.623+0000] {taskinstance.py:1369} INFO - Starting attempt 1 of 1
[2024-09-23T10:45:14.623+0000] {taskinstance.py:1370} INFO - 
--------------------------------------------------------------------------------
[2024-09-23T10:45:14.637+0000] {taskinstance.py:1389} INFO - Executing <Task(DockerOperator): stream_to_offline_task> on 2024-09-23 10:45:13.208324+00:00
[2024-09-23T10:45:14.645+0000] {standard_task_runner.py:52} INFO - Started process 6846 to run task
[2024-09-23T10:45:14.648+0000] {standard_task_runner.py:79} INFO - Running: ['***', 'tasks', 'run', 'stream_to_stores', 'stream_to_offline_task', 'manual__2024-09-23T10:45:13.208324+00:00', '--job-id', '151', '--raw', '--subdir', 'DAGS_FOLDER/data_pipeline/stream_to_stores.py', '--cfg-path', '/tmp/tmpncfbo38a', '--error-file', '/tmp/tmpkusjk_94']
[2024-09-23T10:45:14.650+0000] {standard_task_runner.py:80} INFO - Job 151: Subtask stream_to_offline_task
[2024-09-23T10:45:14.747+0000] {task_command.py:371} INFO - Running <TaskInstance: stream_to_stores.stream_to_offline_task manual__2024-09-23T10:45:13.208324+00:00 [running]> on host dc34e5e06cda
[2024-09-23T10:45:14.876+0000] {taskinstance.py:1583} INFO - Exporting the following env vars:
AIRFLOW_CTX_DAG_OWNER=mlopsvn
AIRFLOW_CTX_DAG_ID=stream_to_stores
AIRFLOW_CTX_TASK_ID=stream_to_offline_task
AIRFLOW_CTX_EXECUTION_DATE=2024-09-23T10:45:13.208324+00:00
AIRFLOW_CTX_TRY_NUMBER=1
AIRFLOW_CTX_DAG_RUN_ID=manual__2024-09-23T10:45:13.208324+00:00
[2024-09-23T10:45:14.892+0000] {docker.py:262} INFO - Starting docker container from image mlopsvn/mlops_crash_course/data_pipeline:latest
[2024-09-23T10:45:14.896+0000] {docker.py:273} WARNING - Using remote engine or docker-in-docker and mounting temporary volume from host is not supported. Falling back to `mount_tmp_dir=False` mode. You can set `mount_tmp_dir` parameter to False to disable mounting and remove the warning
[2024-09-23T10:45:18.312+0000] {docker.py:324} INFO - WARNING: An illegal reflective access operation has occurred
WARNING: Illegal reflective access by org.apache.spark.unsafe.Platform (file:/opt/venv/lib/python3.9/site-packages/pyspark/jars/spark-unsafe_2.12-3.0.1.jar) to constructor java.nio.DirectByteBuffer(long,int)
WARNING: Please consider reporting this to the maintainers of org.apache.spark.unsafe.Platform
WARNING: Use --illegal-access=warn to enable warnings of further illegal reflective access operations
WARNING: All illegal access operations will be denied in a future release
[2024-09-23T10:45:18.477+0000] {docker.py:324} INFO - Ivy Default Cache set to: /root/.ivy2/cache
The jars for the packages stored in: /root/.ivy2/jars
[2024-09-23T10:45:18.509+0000] {docker.py:324} INFO - :: loading settings :: url = jar:file:/opt/venv/lib/python3.9/site-packages/pyspark/jars/ivy-2.4.0.jar!/org/apache/ivy/core/settings/ivysettings.xml
[2024-09-23T10:45:18.681+0000] {docker.py:324} INFO - org.apache.spark#spark-sql-kafka-0-10_2.12 added as a dependency
[2024-09-23T10:45:18.682+0000] {docker.py:324} INFO - :: resolving dependencies :: org.apache.spark#spark-submit-parent-952028d9-828a-483c-930c-63b3d92af5e9;1.0
	confs: [default]
[2024-09-23T10:45:24.812+0000] {docker.py:324} INFO - found org.apache.spark#spark-sql-kafka-0-10_2.12;3.0.0 in central
[2024-09-23T10:45:26.038+0000] {docker.py:324} INFO - found org.apache.spark#spark-token-provider-kafka-0-10_2.12;3.0.0 in central
[2024-09-23T10:45:27.263+0000] {docker.py:324} INFO - found org.apache.kafka#kafka-clients;2.4.1 in central
[2024-09-23T10:45:28.392+0000] {docker.py:324} INFO - found com.github.luben#zstd-jni;1.4.4-3 in central
[2024-09-23T10:45:29.515+0000] {docker.py:324} INFO - found org.lz4#lz4-java;1.7.1 in central
[2024-09-23T10:45:30.729+0000] {docker.py:324} INFO - found org.xerial.snappy#snappy-java;1.1.7.5 in central
[2024-09-23T10:45:33.565+0000] {docker.py:324} INFO - found org.slf4j#slf4j-api;1.7.30 in central
[2024-09-23T10:45:35.583+0000] {docker.py:324} INFO - found org.spark-project.spark#unused;1.0.0 in central
[2024-09-23T10:45:38.683+0000] {docker.py:324} INFO - found org.apache.commons#commons-pool2;2.6.2 in central
[2024-09-23T10:45:38.695+0000] {docker.py:324} INFO - downloading https://repo1.maven.org/maven2/org/apache/spark/spark-sql-kafka-0-10_2.12/3.0.0/spark-sql-kafka-0-10_2.12-3.0.0.jar ...
[2024-09-23T10:45:39.448+0000] {docker.py:324} INFO - [SUCCESSFUL ] org.apache.spark#spark-sql-kafka-0-10_2.12;3.0.0!spark-sql-kafka-0-10_2.12.jar (752ms)
[2024-09-23T10:45:39.449+0000] {docker.py:324} INFO - downloading https://repo1.maven.org/maven2/org/apache/spark/spark-token-provider-kafka-0-10_2.12/3.0.0/spark-token-provider-kafka-0-10_2.12-3.0.0.jar ...
[2024-09-23T10:45:39.732+0000] {docker.py:324} INFO - [SUCCESSFUL ] org.apache.spark#spark-token-provider-kafka-0-10_2.12;3.0.0!spark-token-provider-kafka-0-10_2.12.jar (283ms)
[2024-09-23T10:45:39.733+0000] {docker.py:324} INFO - downloading https://repo1.maven.org/maven2/org/apache/kafka/kafka-clients/2.4.1/kafka-clients-2.4.1.jar ...
[2024-09-23T10:45:44.920+0000] {docker.py:324} INFO - [SUCCESSFUL ] org.apache.kafka#kafka-clients;2.4.1!kafka-clients.jar (5187ms)
[2024-09-23T10:45:44.922+0000] {docker.py:324} INFO - downloading https://repo1.maven.org/maven2/org/apache/commons/commons-pool2/2.6.2/commons-pool2-2.6.2.jar ...
[2024-09-23T10:45:45.288+0000] {docker.py:324} INFO - [SUCCESSFUL ] org.apache.commons#commons-pool2;2.6.2!commons-pool2.jar (366ms)
[2024-09-23T10:45:45.288+0000] {docker.py:324} INFO - downloading https://repo1.maven.org/maven2/org/spark-project/spark/unused/1.0.0/unused-1.0.0.jar ...
[2024-09-23T10:45:45.506+0000] {docker.py:324} INFO - [SUCCESSFUL ] org.spark-project.spark#unused;1.0.0!unused.jar (217ms)
[2024-09-23T10:45:45.506+0000] {docker.py:324} INFO - downloading https://repo1.maven.org/maven2/com/github/luben/zstd-jni/1.4.4-3/zstd-jni-1.4.4-3.jar ...
[2024-09-23T10:45:51.939+0000] {docker.py:324} INFO - [SUCCESSFUL ] com.github.luben#zstd-jni;1.4.4-3!zstd-jni.jar (6433ms)
[2024-09-23T10:45:51.941+0000] {docker.py:324} INFO - downloading https://repo1.maven.org/maven2/org/lz4/lz4-java/1.7.1/lz4-java-1.7.1.jar ...
[2024-09-23T10:45:53.054+0000] {docker.py:324} INFO - [SUCCESSFUL ] org.lz4#lz4-java;1.7.1!lz4-java.jar (1114ms)
[2024-09-23T10:45:53.055+0000] {docker.py:324} INFO - downloading https://repo1.maven.org/maven2/org/xerial/snappy/snappy-java/1.1.7.5/snappy-java-1.1.7.5.jar ...
[2024-09-23T10:45:56.031+0000] {docker.py:324} INFO - [SUCCESSFUL ] org.xerial.snappy#snappy-java;1.1.7.5!snappy-java.jar(bundle) (2977ms)
[2024-09-23T10:45:56.032+0000] {docker.py:324} INFO - downloading https://repo1.maven.org/maven2/org/slf4j/slf4j-api/1.7.30/slf4j-api-1.7.30.jar ...
[2024-09-23T10:45:56.301+0000] {docker.py:324} INFO - [SUCCESSFUL ] org.slf4j#slf4j-api;1.7.30!slf4j-api.jar (267ms)
[2024-09-23T10:45:56.301+0000] {docker.py:324} INFO - :: resolution report :: resolve 20012ms :: artifacts dl 17606ms
[2024-09-23T10:45:56.302+0000] {docker.py:324} INFO - :: modules in use:
[2024-09-23T10:45:56.303+0000] {docker.py:324} INFO - com.github.luben#zstd-jni;1.4.4-3 from central in [default]
[2024-09-23T10:45:56.304+0000] {docker.py:324} INFO - org.apache.commons#commons-pool2;2.6.2 from central in [default]
	org.apache.kafka#kafka-clients;2.4.1 from central in [default]
[2024-09-23T10:45:56.304+0000] {docker.py:324} INFO - org.apache.spark#spark-sql-kafka-0-10_2.12;3.0.0 from central in [default]
[2024-09-23T10:45:56.305+0000] {docker.py:324} INFO - 
[2024-09-23T10:45:56.305+0000] {docker.py:324} INFO - org.apache.spark#spark-token-provider-kafka-0-10_2.12;3.0.0 from central in [default]
[2024-09-23T10:45:56.305+0000] {docker.py:324} INFO - org.lz4#lz4-java;1.7.1 from central in [default]
[2024-09-23T10:45:56.306+0000] {docker.py:324} INFO - org.slf4j#slf4j-api;1.7.30 from central in [default]
[2024-09-23T10:45:56.306+0000] {docker.py:324} INFO - org.spark-project.spark#unused;1.0.0 from central in [default]
[2024-09-23T10:45:56.306+0000] {docker.py:324} INFO - org.xerial.snappy#snappy-java;1.1.7.5 from central in [default]
[2024-09-23T10:45:56.306+0000] {docker.py:324} INFO - ---------------------------------------------------------------------
[2024-09-23T10:45:56.306+0000] {docker.py:324} INFO - |                  |            modules            ||   artifacts   |
	|       conf       | number| search|dwnlded|evicted|| number|dwnlded|
	---------------------------------------------------------------------
[2024-09-23T10:45:56.307+0000] {docker.py:324} INFO - |      default     |   9   |   9   |   9   |   0   ||   9   |   9   |
	---------------------------------------------------------------------
[2024-09-23T10:45:56.311+0000] {docker.py:324} INFO - :: retrieving :: org.apache.spark#spark-submit-parent-952028d9-828a-483c-930c-63b3d92af5e9
[2024-09-23T10:45:56.311+0000] {docker.py:324} INFO - confs: [default]
[2024-09-23T10:45:56.340+0000] {docker.py:324} INFO - 9 artifacts copied, 0 already retrieved (10393kB/29ms)
[2024-09-23T10:45:56.582+0000] {docker.py:324} INFO - 24/09/23 10:45:56 WARN NativeCodeLoader: Unable to load native-hadoop library for your platform... using builtin-java classes where applicable
[2024-09-23T10:45:57.143+0000] {docker.py:324} INFO - Using Spark's default log4j profile: org/apache/spark/log4j-defaults.properties
[2024-09-23T10:45:57.145+0000] {docker.py:324} INFO - 
[2024-09-23T10:45:57.146+0000] {docker.py:324} INFO - Setting default log level to "WARN".
To adjust logging level use sc.setLogLevel(newLevel). For SparkR, use setLogLevel(newLevel).
[2024-09-23T10:45:59.018+0000] {docker.py:324} INFO - /opt/venv/lib/python3.9/site-packages/pyspark/sql/context.py:75: DeprecationWarning: Deprecated in 3.0.0. Use SparkSession.builder.getOrCreate() instead.
  warnings.warn(
[2024-09-23T10:45:59.719+0000] {docker.py:324} INFO - /opt/venv/lib/python3.9/site-packages/feast/repo_config.py:207: RuntimeWarning: `entity_key_serialization_version` is either not specified in the feature_store.yaml, or is specified to a value <= 1.This serialization version may cause errors when trying to write fields with the `Long` data type into the online store. Specifying `entity_key_serialization_version` to 2 is recommended for new projects. 
  warnings.warn(
[2024-09-23T10:45:59.725+0000] {docker.py:324} INFO - /opt/venv/lib/python3.9/site-packages/feast/stream_feature_view.py:93: RuntimeWarning: Stream feature views are experimental features in alpha development. Some functionality may still be unstable so functionality can change in the future.
  warnings.warn(
[2024-09-23T10:46:02.130+0000] {docker.py:324} INFO - 24/09/23 10:46:02 WARN NetworkClient: [Consumer clientId=consumer-spark-kafka-source-d46d2f53-30d9-476b-bebf-22ef6ad6fa2d--2090736517-driver-0-1, groupId=spark-kafka-source-d46d2f53-30d9-476b-bebf-22ef6ad6fa2d--2090736517-driver-0] Connection to node -1 (localhost/127.0.0.1:29092) could not be established. Broker may not be available.
[2024-09-23T10:46:02.130+0000] {docker.py:324} INFO - 24/09/23 10:46:02 WARN NetworkClient: [Consumer clientId=consumer-spark-kafka-source-d46d2f53-30d9-476b-bebf-22ef6ad6fa2d--2090736517-driver-0-1, groupId=spark-kafka-source-d46d2f53-30d9-476b-bebf-22ef6ad6fa2d--2090736517-driver-0] Bootstrap broker localhost:29092 (id: -1 rack: null) disconnected
[2024-09-23T10:46:02.230+0000] {docker.py:324} INFO - 24/09/23 10:46:02 WARN NetworkClient: [Consumer clientId=consumer-spark-kafka-source-d46d2f53-30d9-476b-bebf-22ef6ad6fa2d--2090736517-driver-0-1, groupId=spark-kafka-source-d46d2f53-30d9-476b-bebf-22ef6ad6fa2d--2090736517-driver-0] Connection to node -1 (localhost/127.0.0.1:29092) could not be established. Broker may not be available.
24/09/23 10:46:02 WARN NetworkClient: [Consumer clientId=consumer-spark-kafka-source-d46d2f53-30d9-476b-bebf-22ef6ad6fa2d--2090736517-driver-0-1, groupId=spark-kafka-source-d46d2f53-30d9-476b-bebf-22ef6ad6fa2d--2090736517-driver-0] Bootstrap broker localhost:29092 (id: -1 rack: null) disconnected
[2024-09-23T10:46:02.332+0000] {docker.py:324} INFO - 24/09/23 10:46:02 WARN NetworkClient: [Consumer clientId=consumer-spark-kafka-source-d46d2f53-30d9-476b-bebf-22ef6ad6fa2d--2090736517-driver-0-1, groupId=spark-kafka-source-d46d2f53-30d9-476b-bebf-22ef6ad6fa2d--2090736517-driver-0] Connection to node -1 (localhost/127.0.0.1:29092) could not be established. Broker may not be available.
24/09/23 10:46:02 WARN NetworkClient: [Consumer clientId=consumer-spark-kafka-source-d46d2f53-30d9-476b-bebf-22ef6ad6fa2d--2090736517-driver-0-1, groupId=spark-kafka-source-d46d2f53-30d9-476b-bebf-22ef6ad6fa2d--2090736517-driver-0] Bootstrap broker localhost:29092 (id: -1 rack: null) disconnected
[2024-09-23T10:46:02.535+0000] {docker.py:324} INFO - 24/09/23 10:46:02 WARN NetworkClient: [Consumer clientId=consumer-spark-kafka-source-d46d2f53-30d9-476b-bebf-22ef6ad6fa2d--2090736517-driver-0-1, groupId=spark-kafka-source-d46d2f53-30d9-476b-bebf-22ef6ad6fa2d--2090736517-driver-0] Connection to node -1 (localhost/127.0.0.1:29092) could not be established. Broker may not be available.
24/09/23 10:46:02 WARN NetworkClient: [Consumer clientId=consumer-spark-kafka-source-d46d2f53-30d9-476b-bebf-22ef6ad6fa2d--2090736517-driver-0-1, groupId=spark-kafka-source-d46d2f53-30d9-476b-bebf-22ef6ad6fa2d--2090736517-driver-0] Bootstrap broker localhost:29092 (id: -1 rack: null) disconnected
[2024-09-23T10:46:02.888+0000] {docker.py:324} INFO - 24/09/23 10:46:02 WARN NetworkClient: [Consumer clientId=consumer-spark-kafka-source-d46d2f53-30d9-476b-bebf-22ef6ad6fa2d--2090736517-driver-0-1, groupId=spark-kafka-source-d46d2f53-30d9-476b-bebf-22ef6ad6fa2d--2090736517-driver-0] Connection to node -1 (localhost/127.0.0.1:29092) could not be established. Broker may not be available.
24/09/23 10:46:02 WARN NetworkClient: [Consumer clientId=consumer-spark-kafka-source-d46d2f53-30d9-476b-bebf-22ef6ad6fa2d--2090736517-driver-0-1, groupId=spark-kafka-source-d46d2f53-30d9-476b-bebf-22ef6ad6fa2d--2090736517-driver-0] Bootstrap broker localhost:29092 (id: -1 rack: null) disconnected
[2024-09-23T10:46:03.742+0000] {docker.py:324} INFO - 24/09/23 10:46:03 WARN NetworkClient: [Consumer clientId=consumer-spark-kafka-source-d46d2f53-30d9-476b-bebf-22ef6ad6fa2d--2090736517-driver-0-1, groupId=spark-kafka-source-d46d2f53-30d9-476b-bebf-22ef6ad6fa2d--2090736517-driver-0] Connection to node -1 (localhost/127.0.0.1:29092) could not be established. Broker may not be available.
24/09/23 10:46:03 WARN NetworkClient: [Consumer clientId=consumer-spark-kafka-source-d46d2f53-30d9-476b-bebf-22ef6ad6fa2d--2090736517-driver-0-1, groupId=spark-kafka-source-d46d2f53-30d9-476b-bebf-22ef6ad6fa2d--2090736517-driver-0] Bootstrap broker localhost:29092 (id: -1 rack: null) disconnected
[2024-09-23T10:46:04.901+0000] {docker.py:324} INFO - 24/09/23 10:46:04 WARN NetworkClient: [Consumer clientId=consumer-spark-kafka-source-d46d2f53-30d9-476b-bebf-22ef6ad6fa2d--2090736517-driver-0-1, groupId=spark-kafka-source-d46d2f53-30d9-476b-bebf-22ef6ad6fa2d--2090736517-driver-0] Connection to node -1 (localhost/127.0.0.1:29092) could not be established. Broker may not be available.
24/09/23 10:46:04 WARN NetworkClient: [Consumer clientId=consumer-spark-kafka-source-d46d2f53-30d9-476b-bebf-22ef6ad6fa2d--2090736517-driver-0-1, groupId=spark-kafka-source-d46d2f53-30d9-476b-bebf-22ef6ad6fa2d--2090736517-driver-0] Bootstrap broker localhost:29092 (id: -1 rack: null) disconnected
[2024-09-23T10:46:06.059+0000] {docker.py:324} INFO - 24/09/23 10:46:06 WARN NetworkClient: [Consumer clientId=consumer-spark-kafka-source-d46d2f53-30d9-476b-bebf-22ef6ad6fa2d--2090736517-driver-0-1, groupId=spark-kafka-source-d46d2f53-30d9-476b-bebf-22ef6ad6fa2d--2090736517-driver-0] Connection to node -1 (localhost/127.0.0.1:29092) could not be established. Broker may not be available.
24/09/23 10:46:06 WARN NetworkClient: [Consumer clientId=consumer-spark-kafka-source-d46d2f53-30d9-476b-bebf-22ef6ad6fa2d--2090736517-driver-0-1, groupId=spark-kafka-source-d46d2f53-30d9-476b-bebf-22ef6ad6fa2d--2090736517-driver-0] Bootstrap broker localhost:29092 (id: -1 rack: null) disconnected
[2024-09-23T10:46:06.966+0000] {docker.py:324} INFO - 24/09/23 10:46:06 WARN NetworkClient: [Consumer clientId=consumer-spark-kafka-source-d46d2f53-30d9-476b-bebf-22ef6ad6fa2d--2090736517-driver-0-1, groupId=spark-kafka-source-d46d2f53-30d9-476b-bebf-22ef6ad6fa2d--2090736517-driver-0] Connection to node -1 (localhost/127.0.0.1:29092) could not be established. Broker may not be available.
24/09/23 10:46:06 WARN NetworkClient: [Consumer clientId=consumer-spark-kafka-source-d46d2f53-30d9-476b-bebf-22ef6ad6fa2d--2090736517-driver-0-1, groupId=spark-kafka-source-d46d2f53-30d9-476b-bebf-22ef6ad6fa2d--2090736517-driver-0] Bootstrap broker localhost:29092 (id: -1 rack: null) disconnected
[2024-09-23T10:46:08.124+0000] {docker.py:324} INFO - 24/09/23 10:46:08 WARN NetworkClient: [Consumer clientId=consumer-spark-kafka-source-d46d2f53-30d9-476b-bebf-22ef6ad6fa2d--2090736517-driver-0-1, groupId=spark-kafka-source-d46d2f53-30d9-476b-bebf-22ef6ad6fa2d--2090736517-driver-0] Connection to node -1 (localhost/127.0.0.1:29092) could not be established. Broker may not be available.
24/09/23 10:46:08 WARN NetworkClient: [Consumer clientId=consumer-spark-kafka-source-d46d2f53-30d9-476b-bebf-22ef6ad6fa2d--2090736517-driver-0-1, groupId=spark-kafka-source-d46d2f53-30d9-476b-bebf-22ef6ad6fa2d--2090736517-driver-0] Bootstrap broker localhost:29092 (id: -1 rack: null) disconnected
[2024-09-23T10:46:09.282+0000] {docker.py:324} INFO - 24/09/23 10:46:09 WARN NetworkClient: [Consumer clientId=consumer-spark-kafka-source-d46d2f53-30d9-476b-bebf-22ef6ad6fa2d--2090736517-driver-0-1, groupId=spark-kafka-source-d46d2f53-30d9-476b-bebf-22ef6ad6fa2d--2090736517-driver-0] Connection to node -1 (localhost/127.0.0.1:29092) could not be established. Broker may not be available.
24/09/23 10:46:09 WARN NetworkClient: [Consumer clientId=consumer-spark-kafka-source-d46d2f53-30d9-476b-bebf-22ef6ad6fa2d--2090736517-driver-0-1, groupId=spark-kafka-source-d46d2f53-30d9-476b-bebf-22ef6ad6fa2d--2090736517-driver-0] Bootstrap broker localhost:29092 (id: -1 rack: null) disconnected
[2024-09-23T10:46:10.137+0000] {docker.py:324} INFO - 24/09/23 10:46:10 WARN NetworkClient: [Consumer clientId=consumer-spark-kafka-source-d46d2f53-30d9-476b-bebf-22ef6ad6fa2d--2090736517-driver-0-1, groupId=spark-kafka-source-d46d2f53-30d9-476b-bebf-22ef6ad6fa2d--2090736517-driver-0] Connection to node -1 (localhost/127.0.0.1:29092) could not be established. Broker may not be available.
24/09/23 10:46:10 WARN NetworkClient: [Consumer clientId=consumer-spark-kafka-source-d46d2f53-30d9-476b-bebf-22ef6ad6fa2d--2090736517-driver-0-1, groupId=spark-kafka-source-d46d2f53-30d9-476b-bebf-22ef6ad6fa2d--2090736517-driver-0] Bootstrap broker localhost:29092 (id: -1 rack: null) disconnected
[2024-09-23T10:46:11.093+0000] {docker.py:324} INFO - 24/09/23 10:46:11 WARN NetworkClient: [Consumer clientId=consumer-spark-kafka-source-d46d2f53-30d9-476b-bebf-22ef6ad6fa2d--2090736517-driver-0-1, groupId=spark-kafka-source-d46d2f53-30d9-476b-bebf-22ef6ad6fa2d--2090736517-driver-0] Connection to node -1 (localhost/127.0.0.1:29092) could not be established. Broker may not be available.
24/09/23 10:46:11 WARN NetworkClient: [Consumer clientId=consumer-spark-kafka-source-d46d2f53-30d9-476b-bebf-22ef6ad6fa2d--2090736517-driver-0-1, groupId=spark-kafka-source-d46d2f53-30d9-476b-bebf-22ef6ad6fa2d--2090736517-driver-0] Bootstrap broker localhost:29092 (id: -1 rack: null) disconnected
[2024-09-23T10:46:11.949+0000] {docker.py:324} INFO - 24/09/23 10:46:11 WARN NetworkClient: [Consumer clientId=consumer-spark-kafka-source-d46d2f53-30d9-476b-bebf-22ef6ad6fa2d--2090736517-driver-0-1, groupId=spark-kafka-source-d46d2f53-30d9-476b-bebf-22ef6ad6fa2d--2090736517-driver-0] Connection to node -1 (localhost/127.0.0.1:29092) could not be established. Broker may not be available.
24/09/23 10:46:11 WARN NetworkClient: [Consumer clientId=consumer-spark-kafka-source-d46d2f53-30d9-476b-bebf-22ef6ad6fa2d--2090736517-driver-0-1, groupId=spark-kafka-source-d46d2f53-30d9-476b-bebf-22ef6ad6fa2d--2090736517-driver-0] Bootstrap broker localhost:29092 (id: -1 rack: null) disconnected
[2024-09-23T10:46:12.904+0000] {docker.py:324} INFO - 24/09/23 10:46:12 WARN NetworkClient: [Consumer clientId=consumer-spark-kafka-source-d46d2f53-30d9-476b-bebf-22ef6ad6fa2d--2090736517-driver-0-1, groupId=spark-kafka-source-d46d2f53-30d9-476b-bebf-22ef6ad6fa2d--2090736517-driver-0] Connection to node -1 (localhost/127.0.0.1:29092) could not be established. Broker may not be available.
24/09/23 10:46:12 WARN NetworkClient: [Consumer clientId=consumer-spark-kafka-source-d46d2f53-30d9-476b-bebf-22ef6ad6fa2d--2090736517-driver-0-1, groupId=spark-kafka-source-d46d2f53-30d9-476b-bebf-22ef6ad6fa2d--2090736517-driver-0] Bootstrap broker localhost:29092 (id: -1 rack: null) disconnected
[2024-09-23T10:46:14.064+0000] {docker.py:324} INFO - 24/09/23 10:46:14 WARN NetworkClient: [Consumer clientId=consumer-spark-kafka-source-d46d2f53-30d9-476b-bebf-22ef6ad6fa2d--2090736517-driver-0-1, groupId=spark-kafka-source-d46d2f53-30d9-476b-bebf-22ef6ad6fa2d--2090736517-driver-0] Connection to node -1 (localhost/127.0.0.1:29092) could not be established. Broker may not be available.
24/09/23 10:46:14 WARN NetworkClient: [Consumer clientId=consumer-spark-kafka-source-d46d2f53-30d9-476b-bebf-22ef6ad6fa2d--2090736517-driver-0-1, groupId=spark-kafka-source-d46d2f53-30d9-476b-bebf-22ef6ad6fa2d--2090736517-driver-0] Bootstrap broker localhost:29092 (id: -1 rack: null) disconnected
[2024-09-23T10:46:15.119+0000] {docker.py:324} INFO - 24/09/23 10:46:15 WARN NetworkClient: [Consumer clientId=consumer-spark-kafka-source-d46d2f53-30d9-476b-bebf-22ef6ad6fa2d--2090736517-driver-0-1, groupId=spark-kafka-source-d46d2f53-30d9-476b-bebf-22ef6ad6fa2d--2090736517-driver-0] Connection to node -1 (localhost/127.0.0.1:29092) could not be established. Broker may not be available.
24/09/23 10:46:15 WARN NetworkClient: [Consumer clientId=consumer-spark-kafka-source-d46d2f53-30d9-476b-bebf-22ef6ad6fa2d--2090736517-driver-0-1, groupId=spark-kafka-source-d46d2f53-30d9-476b-bebf-22ef6ad6fa2d--2090736517-driver-0] Bootstrap broker localhost:29092 (id: -1 rack: null) disconnected
[2024-09-23T10:46:16.327+0000] {docker.py:324} INFO - 24/09/23 10:46:16 WARN NetworkClient: [Consumer clientId=consumer-spark-kafka-source-d46d2f53-30d9-476b-bebf-22ef6ad6fa2d--2090736517-driver-0-1, groupId=spark-kafka-source-d46d2f53-30d9-476b-bebf-22ef6ad6fa2d--2090736517-driver-0] Connection to node -1 (localhost/127.0.0.1:29092) could not be established. Broker may not be available.
24/09/23 10:46:16 WARN NetworkClient: [Consumer clientId=consumer-spark-kafka-source-d46d2f53-30d9-476b-bebf-22ef6ad6fa2d--2090736517-driver-0-1, groupId=spark-kafka-source-d46d2f53-30d9-476b-bebf-22ef6ad6fa2d--2090736517-driver-0] Bootstrap broker localhost:29092 (id: -1 rack: null) disconnected
[2024-09-23T10:46:16.866+0000] {docker.py:324} INFO - Feast is an open source project that collects anonymized error reporting and usage statistics. To opt out or learn more see https://docs.feast.dev/reference/usage
[2024-09-23T10:46:17.205+0000] {taskinstance.py:1412} INFO - Marking task as SUCCESS. dag_id=stream_to_stores, task_id=stream_to_offline_task, execution_date=20240923T104513, start_date=20240923T104514, end_date=20240923T104617
[2024-09-23T10:46:17.229+0000] {local_task_job.py:156} INFO - Task exited with return code 0
[2024-09-23T10:46:17.250+0000] {local_task_job.py:279} INFO - 0 downstream tasks scheduled from follow-on schedule check
