[2024-09-23T10:45:14.283+0000] {taskinstance.py:1171} INFO - Dependencies all met for <TaskInstance: stream_to_stores.stream_to_online_task manual__2024-09-23T10:45:13.208324+00:00 [queued]>
[2024-09-23T10:45:14.437+0000] {taskinstance.py:1171} INFO - Dependencies all met for <TaskInstance: stream_to_stores.stream_to_online_task manual__2024-09-23T10:45:13.208324+00:00 [queued]>
[2024-09-23T10:45:14.437+0000] {taskinstance.py:1368} INFO - 
--------------------------------------------------------------------------------
[2024-09-23T10:45:14.437+0000] {taskinstance.py:1369} INFO - Starting attempt 1 of 1
[2024-09-23T10:45:14.438+0000] {taskinstance.py:1370} INFO - 
--------------------------------------------------------------------------------
[2024-09-23T10:45:14.452+0000] {taskinstance.py:1389} INFO - Executing <Task(DockerOperator): stream_to_online_task> on 2024-09-23 10:45:13.208324+00:00
[2024-09-23T10:45:14.457+0000] {standard_task_runner.py:52} INFO - Started process 6845 to run task
[2024-09-23T10:45:14.461+0000] {standard_task_runner.py:79} INFO - Running: ['***', 'tasks', 'run', 'stream_to_stores', 'stream_to_online_task', 'manual__2024-09-23T10:45:13.208324+00:00', '--job-id', '150', '--raw', '--subdir', 'DAGS_FOLDER/data_pipeline/stream_to_stores.py', '--cfg-path', '/tmp/tmp5towk5_f', '--error-file', '/tmp/tmpxcakqj6e']
[2024-09-23T10:45:14.463+0000] {standard_task_runner.py:80} INFO - Job 150: Subtask stream_to_online_task
[2024-09-23T10:45:14.525+0000] {task_command.py:371} INFO - Running <TaskInstance: stream_to_stores.stream_to_online_task manual__2024-09-23T10:45:13.208324+00:00 [running]> on host dc34e5e06cda
[2024-09-23T10:45:14.612+0000] {taskinstance.py:1583} INFO - Exporting the following env vars:
AIRFLOW_CTX_DAG_OWNER=mlopsvn
AIRFLOW_CTX_DAG_ID=stream_to_stores
AIRFLOW_CTX_TASK_ID=stream_to_online_task
AIRFLOW_CTX_EXECUTION_DATE=2024-09-23T10:45:13.208324+00:00
AIRFLOW_CTX_TRY_NUMBER=1
AIRFLOW_CTX_DAG_RUN_ID=manual__2024-09-23T10:45:13.208324+00:00
[2024-09-23T10:45:14.628+0000] {docker.py:262} INFO - Starting docker container from image mlopsvn/mlops_crash_course/data_pipeline:latest
[2024-09-23T10:45:14.631+0000] {docker.py:273} WARNING - Using remote engine or docker-in-docker and mounting temporary volume from host is not supported. Falling back to `mount_tmp_dir=False` mode. You can set `mount_tmp_dir` parameter to False to disable mounting and remove the warning
[2024-09-23T10:45:18.144+0000] {docker.py:324} INFO - WARNING: An illegal reflective access operation has occurred
WARNING: Illegal reflective access by org.apache.spark.unsafe.Platform (file:/opt/venv/lib/python3.9/site-packages/pyspark/jars/spark-unsafe_2.12-3.0.1.jar) to constructor java.nio.DirectByteBuffer(long,int)
WARNING: Please consider reporting this to the maintainers of org.apache.spark.unsafe.Platform
WARNING: Use --illegal-access=warn to enable warnings of further illegal reflective access operations
WARNING: All illegal access operations will be denied in a future release
[2024-09-23T10:45:18.360+0000] {docker.py:324} INFO - Ivy Default Cache set to: /root/.ivy2/cache
[2024-09-23T10:45:18.361+0000] {docker.py:324} INFO - The jars for the packages stored in: /root/.ivy2/jars
[2024-09-23T10:45:18.394+0000] {docker.py:324} INFO - :: loading settings :: url = jar:file:/opt/venv/lib/python3.9/site-packages/pyspark/jars/ivy-2.4.0.jar!/org/apache/ivy/core/settings/ivysettings.xml
[2024-09-23T10:45:18.522+0000] {docker.py:324} INFO - org.apache.spark#spark-sql-kafka-0-10_2.12 added as a dependency
[2024-09-23T10:45:18.524+0000] {docker.py:324} INFO - :: resolving dependencies :: org.apache.spark#spark-submit-parent-32747c3a-33f8-48dd-a8d9-b150ac48a948;1.0
	confs: [default]
[2024-09-23T10:45:25.282+0000] {docker.py:324} INFO - found org.apache.spark#spark-sql-kafka-0-10_2.12;3.0.0 in central
[2024-09-23T10:45:26.493+0000] {docker.py:324} INFO - found org.apache.spark#spark-token-provider-kafka-0-10_2.12;3.0.0 in central
[2024-09-23T10:45:27.726+0000] {docker.py:324} INFO - found org.apache.kafka#kafka-clients;2.4.1 in central
[2024-09-23T10:45:28.842+0000] {docker.py:324} INFO - found com.github.luben#zstd-jni;1.4.4-3 in central
[2024-09-23T10:45:30.001+0000] {docker.py:324} INFO - found org.lz4#lz4-java;1.7.1 in central
[2024-09-23T10:45:31.241+0000] {docker.py:324} INFO - found org.xerial.snappy#snappy-java;1.1.7.5 in central
[2024-09-23T10:45:33.785+0000] {docker.py:324} INFO - found org.slf4j#slf4j-api;1.7.30 in central
[2024-09-23T10:45:35.806+0000] {docker.py:324} INFO - found org.spark-project.spark#unused;1.0.0 in central
[2024-09-23T10:45:38.905+0000] {docker.py:324} INFO - found org.apache.commons#commons-pool2;2.6.2 in central
[2024-09-23T10:45:38.917+0000] {docker.py:324} INFO - downloading https://repo1.maven.org/maven2/org/apache/spark/spark-sql-kafka-0-10_2.12/3.0.0/spark-sql-kafka-0-10_2.12-3.0.0.jar ...
[2024-09-23T10:45:39.661+0000] {docker.py:324} INFO - [SUCCESSFUL ] org.apache.spark#spark-sql-kafka-0-10_2.12;3.0.0!spark-sql-kafka-0-10_2.12.jar (745ms)
[2024-09-23T10:45:39.663+0000] {docker.py:324} INFO - downloading https://repo1.maven.org/maven2/org/apache/spark/spark-token-provider-kafka-0-10_2.12/3.0.0/spark-token-provider-kafka-0-10_2.12-3.0.0.jar ...
[2024-09-23T10:45:39.939+0000] {docker.py:324} INFO - [SUCCESSFUL ] org.apache.spark#spark-token-provider-kafka-0-10_2.12;3.0.0!spark-token-provider-kafka-0-10_2.12.jar (277ms)
[2024-09-23T10:45:39.941+0000] {docker.py:324} INFO - downloading https://repo1.maven.org/maven2/org/apache/kafka/kafka-clients/2.4.1/kafka-clients-2.4.1.jar ...
[2024-09-23T10:45:44.162+0000] {docker.py:324} INFO - [SUCCESSFUL ] org.apache.kafka#kafka-clients;2.4.1!kafka-clients.jar (4222ms)
[2024-09-23T10:45:44.163+0000] {docker.py:324} INFO - downloading https://repo1.maven.org/maven2/org/apache/commons/commons-pool2/2.6.2/commons-pool2-2.6.2.jar ...
[2024-09-23T10:45:44.486+0000] {docker.py:324} INFO - [SUCCESSFUL ] org.apache.commons#commons-pool2;2.6.2!commons-pool2.jar (322ms)
[2024-09-23T10:45:44.488+0000] {docker.py:324} INFO - downloading https://repo1.maven.org/maven2/org/spark-project/spark/unused/1.0.0/unused-1.0.0.jar ...
[2024-09-23T10:45:44.706+0000] {docker.py:324} INFO - [SUCCESSFUL ] org.spark-project.spark#unused;1.0.0!unused.jar (220ms)
[2024-09-23T10:45:44.707+0000] {docker.py:324} INFO - downloading https://repo1.maven.org/maven2/com/github/luben/zstd-jni/1.4.4-3/zstd-jni-1.4.4-3.jar ...
[2024-09-23T10:45:49.459+0000] {docker.py:324} INFO - [SUCCESSFUL ] com.github.luben#zstd-jni;1.4.4-3!zstd-jni.jar (4753ms)
[2024-09-23T10:45:49.460+0000] {docker.py:324} INFO - downloading https://repo1.maven.org/maven2/org/lz4/lz4-java/1.7.1/lz4-java-1.7.1.jar ...
[2024-09-23T10:45:50.321+0000] {docker.py:324} INFO - [SUCCESSFUL ] org.lz4#lz4-java;1.7.1!lz4-java.jar (861ms)
[2024-09-23T10:45:50.321+0000] {docker.py:324} INFO - downloading https://repo1.maven.org/maven2/org/xerial/snappy/snappy-java/1.1.7.5/snappy-java-1.1.7.5.jar ...
[2024-09-23T10:45:52.417+0000] {docker.py:324} INFO - [SUCCESSFUL ] org.xerial.snappy#snappy-java;1.1.7.5!snappy-java.jar(bundle) (2095ms)
[2024-09-23T10:45:52.418+0000] {docker.py:324} INFO - downloading https://repo1.maven.org/maven2/org/slf4j/slf4j-api/1.7.30/slf4j-api-1.7.30.jar ...
[2024-09-23T10:45:52.669+0000] {docker.py:324} INFO - [SUCCESSFUL ] org.slf4j#slf4j-api;1.7.30!slf4j-api.jar (250ms)
[2024-09-23T10:45:52.670+0000] {docker.py:324} INFO - :: resolution report :: resolve 20392ms :: artifacts dl 13752ms
	:: modules in use:
[2024-09-23T10:45:52.670+0000] {docker.py:324} INFO - com.github.luben#zstd-jni;1.4.4-3 from central in [default]
[2024-09-23T10:45:52.671+0000] {docker.py:324} INFO - org.apache.commons#commons-pool2;2.6.2 from central in [default]
[2024-09-23T10:45:52.671+0000] {docker.py:324} INFO - org.apache.kafka#kafka-clients;2.4.1 from central in [default]
[2024-09-23T10:45:52.672+0000] {docker.py:324} INFO - org.apache.spark#spark-sql-kafka-0-10_2.12;3.0.0 from central in [default]
	org.apache.spark#spark-token-provider-kafka-0-10_2.12;3.0.0 from central in [default]
	org.lz4#lz4-java;1.7.1 from central in [default]
	org.slf4j#slf4j-api;1.7.30 from central in [default]
[2024-09-23T10:45:52.672+0000] {docker.py:324} INFO - org.spark-project.spark#unused;1.0.0 from central in [default]
	org.xerial.snappy#snappy-java;1.1.7.5 from central in [default]
[2024-09-23T10:45:52.673+0000] {docker.py:324} INFO - ---------------------------------------------------------------------
[2024-09-23T10:45:52.673+0000] {docker.py:324} INFO - |                  |            modules            ||   artifacts   |
	|       conf       | number| search|dwnlded|evicted|| number|dwnlded|
	---------------------------------------------------------------------
[2024-09-23T10:45:52.673+0000] {docker.py:324} INFO - |      default     |   9   |   9   |   9   |   0   ||   9   |   9   |
	---------------------------------------------------------------------
[2024-09-23T10:45:52.680+0000] {docker.py:324} INFO - :: retrieving :: org.apache.spark#spark-submit-parent-32747c3a-33f8-48dd-a8d9-b150ac48a948
[2024-09-23T10:45:52.680+0000] {docker.py:324} INFO - confs: [default]
[2024-09-23T10:45:52.699+0000] {docker.py:324} INFO - 9 artifacts copied, 0 already retrieved (10393kB/20ms)
[2024-09-23T10:45:52.908+0000] {docker.py:324} INFO - 24/09/23 10:45:52 WARN NativeCodeLoader: Unable to load native-hadoop library for your platform... using builtin-java classes where applicable
[2024-09-23T10:45:53.367+0000] {docker.py:324} INFO - Using Spark's default log4j profile: org/apache/spark/log4j-defaults.properties
[2024-09-23T10:45:53.368+0000] {docker.py:324} INFO - Setting default log level to "WARN".
To adjust logging level use sc.setLogLevel(newLevel). For SparkR, use setLogLevel(newLevel).
[2024-09-23T10:45:54.962+0000] {docker.py:324} INFO - /opt/venv/lib/python3.9/site-packages/pyspark/sql/context.py:75: DeprecationWarning: Deprecated in 3.0.0. Use SparkSession.builder.getOrCreate() instead.
  warnings.warn(
[2024-09-23T10:45:55.783+0000] {docker.py:324} INFO - /opt/venv/lib/python3.9/site-packages/feast/repo_config.py:207: RuntimeWarning: `entity_key_serialization_version` is either not specified in the feature_store.yaml, or is specified to a value <= 1.This serialization version may cause errors when trying to write fields with the `Long` data type into the online store. Specifying `entity_key_serialization_version` to 2 is recommended for new projects. 
  warnings.warn(
[2024-09-23T10:45:55.791+0000] {docker.py:324} INFO - /opt/venv/lib/python3.9/site-packages/feast/stream_feature_view.py:93: RuntimeWarning: Stream feature views are experimental features in alpha development. Some functionality may still be unstable so functionality can change in the future.
  warnings.warn(
[2024-09-23T10:45:58.959+0000] {docker.py:324} INFO - 24/09/23 10:45:58 WARN NetworkClient: [Consumer clientId=consumer-spark-kafka-source-1eabc6e5-1214-44cd-8c82-fabfc0f35987--2090736517-driver-0-1, groupId=spark-kafka-source-1eabc6e5-1214-44cd-8c82-fabfc0f35987--2090736517-driver-0] Connection to node -1 (localhost/127.0.0.1:29092) could not be established. Broker may not be available.
[2024-09-23T10:45:58.959+0000] {docker.py:324} INFO - 24/09/23 10:45:58 WARN NetworkClient: [Consumer clientId=consumer-spark-kafka-source-1eabc6e5-1214-44cd-8c82-fabfc0f35987--2090736517-driver-0-1, groupId=spark-kafka-source-1eabc6e5-1214-44cd-8c82-fabfc0f35987--2090736517-driver-0] Bootstrap broker localhost:29092 (id: -1 rack: null) disconnected
[2024-09-23T10:45:59.059+0000] {docker.py:324} INFO - 24/09/23 10:45:59 WARN NetworkClient: [Consumer clientId=consumer-spark-kafka-source-1eabc6e5-1214-44cd-8c82-fabfc0f35987--2090736517-driver-0-1, groupId=spark-kafka-source-1eabc6e5-1214-44cd-8c82-fabfc0f35987--2090736517-driver-0] Connection to node -1 (localhost/127.0.0.1:29092) could not be established. Broker may not be available.
24/09/23 10:45:59 WARN NetworkClient: [Consumer clientId=consumer-spark-kafka-source-1eabc6e5-1214-44cd-8c82-fabfc0f35987--2090736517-driver-0-1, groupId=spark-kafka-source-1eabc6e5-1214-44cd-8c82-fabfc0f35987--2090736517-driver-0] Bootstrap broker localhost:29092 (id: -1 rack: null) disconnected
[2024-09-23T10:45:59.209+0000] {docker.py:324} INFO - 24/09/23 10:45:59 WARN NetworkClient: [Consumer clientId=consumer-spark-kafka-source-1eabc6e5-1214-44cd-8c82-fabfc0f35987--2090736517-driver-0-1, groupId=spark-kafka-source-1eabc6e5-1214-44cd-8c82-fabfc0f35987--2090736517-driver-0] Connection to node -1 (localhost/127.0.0.1:29092) could not be established. Broker may not be available.
24/09/23 10:45:59 WARN NetworkClient: [Consumer clientId=consumer-spark-kafka-source-1eabc6e5-1214-44cd-8c82-fabfc0f35987--2090736517-driver-0-1, groupId=spark-kafka-source-1eabc6e5-1214-44cd-8c82-fabfc0f35987--2090736517-driver-0] Bootstrap broker localhost:29092 (id: -1 rack: null) disconnected
[2024-09-23T10:45:59.411+0000] {docker.py:324} INFO - 24/09/23 10:45:59 WARN NetworkClient: [Consumer clientId=consumer-spark-kafka-source-1eabc6e5-1214-44cd-8c82-fabfc0f35987--2090736517-driver-0-1, groupId=spark-kafka-source-1eabc6e5-1214-44cd-8c82-fabfc0f35987--2090736517-driver-0] Connection to node -1 (localhost/127.0.0.1:29092) could not be established. Broker may not be available.
24/09/23 10:45:59 WARN NetworkClient: [Consumer clientId=consumer-spark-kafka-source-1eabc6e5-1214-44cd-8c82-fabfc0f35987--2090736517-driver-0-1, groupId=spark-kafka-source-1eabc6e5-1214-44cd-8c82-fabfc0f35987--2090736517-driver-0] Bootstrap broker localhost:29092 (id: -1 rack: null) disconnected
[2024-09-23T10:45:59.864+0000] {docker.py:324} INFO - 24/09/23 10:45:59 WARN NetworkClient: [Consumer clientId=consumer-spark-kafka-source-1eabc6e5-1214-44cd-8c82-fabfc0f35987--2090736517-driver-0-1, groupId=spark-kafka-source-1eabc6e5-1214-44cd-8c82-fabfc0f35987--2090736517-driver-0] Connection to node -1 (localhost/127.0.0.1:29092) could not be established. Broker may not be available.
[2024-09-23T10:45:59.865+0000] {docker.py:324} INFO - 24/09/23 10:45:59 WARN NetworkClient: [Consumer clientId=consumer-spark-kafka-source-1eabc6e5-1214-44cd-8c82-fabfc0f35987--2090736517-driver-0-1, groupId=spark-kafka-source-1eabc6e5-1214-44cd-8c82-fabfc0f35987--2090736517-driver-0] Bootstrap broker localhost:29092 (id: -1 rack: null) disconnected
[2024-09-23T10:46:00.720+0000] {docker.py:324} INFO - 24/09/23 10:46:00 WARN NetworkClient: [Consumer clientId=consumer-spark-kafka-source-1eabc6e5-1214-44cd-8c82-fabfc0f35987--2090736517-driver-0-1, groupId=spark-kafka-source-1eabc6e5-1214-44cd-8c82-fabfc0f35987--2090736517-driver-0] Connection to node -1 (localhost/127.0.0.1:29092) could not be established. Broker may not be available.
[2024-09-23T10:46:00.720+0000] {docker.py:324} INFO - 24/09/23 10:46:00 WARN NetworkClient: [Consumer clientId=consumer-spark-kafka-source-1eabc6e5-1214-44cd-8c82-fabfc0f35987--2090736517-driver-0-1, groupId=spark-kafka-source-1eabc6e5-1214-44cd-8c82-fabfc0f35987--2090736517-driver-0] Bootstrap broker localhost:29092 (id: -1 rack: null) disconnected
[2024-09-23T10:46:01.724+0000] {docker.py:324} INFO - 24/09/23 10:46:01 WARN NetworkClient: [Consumer clientId=consumer-spark-kafka-source-1eabc6e5-1214-44cd-8c82-fabfc0f35987--2090736517-driver-0-1, groupId=spark-kafka-source-1eabc6e5-1214-44cd-8c82-fabfc0f35987--2090736517-driver-0] Connection to node -1 (localhost/127.0.0.1:29092) could not be established. Broker may not be available.
24/09/23 10:46:01 WARN NetworkClient: [Consumer clientId=consumer-spark-kafka-source-1eabc6e5-1214-44cd-8c82-fabfc0f35987--2090736517-driver-0-1, groupId=spark-kafka-source-1eabc6e5-1214-44cd-8c82-fabfc0f35987--2090736517-driver-0] Bootstrap broker localhost:29092 (id: -1 rack: null) disconnected
[2024-09-23T10:46:02.678+0000] {docker.py:324} INFO - 24/09/23 10:46:02 WARN NetworkClient: [Consumer clientId=consumer-spark-kafka-source-1eabc6e5-1214-44cd-8c82-fabfc0f35987--2090736517-driver-0-1, groupId=spark-kafka-source-1eabc6e5-1214-44cd-8c82-fabfc0f35987--2090736517-driver-0] Connection to node -1 (localhost/127.0.0.1:29092) could not be established. Broker may not be available.
[2024-09-23T10:46:02.679+0000] {docker.py:324} INFO - 24/09/23 10:46:02 WARN NetworkClient: [Consumer clientId=consumer-spark-kafka-source-1eabc6e5-1214-44cd-8c82-fabfc0f35987--2090736517-driver-0-1, groupId=spark-kafka-source-1eabc6e5-1214-44cd-8c82-fabfc0f35987--2090736517-driver-0] Bootstrap broker localhost:29092 (id: -1 rack: null) disconnected
[2024-09-23T10:46:03.886+0000] {docker.py:324} INFO - 24/09/23 10:46:03 WARN NetworkClient: [Consumer clientId=consumer-spark-kafka-source-1eabc6e5-1214-44cd-8c82-fabfc0f35987--2090736517-driver-0-1, groupId=spark-kafka-source-1eabc6e5-1214-44cd-8c82-fabfc0f35987--2090736517-driver-0] Connection to node -1 (localhost/127.0.0.1:29092) could not be established. Broker may not be available.
24/09/23 10:46:03 WARN NetworkClient: [Consumer clientId=consumer-spark-kafka-source-1eabc6e5-1214-44cd-8c82-fabfc0f35987--2090736517-driver-0-1, groupId=spark-kafka-source-1eabc6e5-1214-44cd-8c82-fabfc0f35987--2090736517-driver-0] Bootstrap broker localhost:29092 (id: -1 rack: null) disconnected
[2024-09-23T10:46:04.994+0000] {docker.py:324} INFO - 24/09/23 10:46:04 WARN NetworkClient: [Consumer clientId=consumer-spark-kafka-source-1eabc6e5-1214-44cd-8c82-fabfc0f35987--2090736517-driver-0-1, groupId=spark-kafka-source-1eabc6e5-1214-44cd-8c82-fabfc0f35987--2090736517-driver-0] Connection to node -1 (localhost/127.0.0.1:29092) could not be established. Broker may not be available.
24/09/23 10:46:04 WARN NetworkClient: [Consumer clientId=consumer-spark-kafka-source-1eabc6e5-1214-44cd-8c82-fabfc0f35987--2090736517-driver-0-1, groupId=spark-kafka-source-1eabc6e5-1214-44cd-8c82-fabfc0f35987--2090736517-driver-0] Bootstrap broker localhost:29092 (id: -1 rack: null) disconnected
[2024-09-23T10:46:06.051+0000] {docker.py:324} INFO - 24/09/23 10:46:06 WARN NetworkClient: [Consumer clientId=consumer-spark-kafka-source-1eabc6e5-1214-44cd-8c82-fabfc0f35987--2090736517-driver-0-1, groupId=spark-kafka-source-1eabc6e5-1214-44cd-8c82-fabfc0f35987--2090736517-driver-0] Connection to node -1 (localhost/127.0.0.1:29092) could not be established. Broker may not be available.
24/09/23 10:46:06 WARN NetworkClient: [Consumer clientId=consumer-spark-kafka-source-1eabc6e5-1214-44cd-8c82-fabfc0f35987--2090736517-driver-0-1, groupId=spark-kafka-source-1eabc6e5-1214-44cd-8c82-fabfc0f35987--2090736517-driver-0] Bootstrap broker localhost:29092 (id: -1 rack: null) disconnected
[2024-09-23T10:46:07.058+0000] {docker.py:324} INFO - 24/09/23 10:46:07 WARN NetworkClient: [Consumer clientId=consumer-spark-kafka-source-1eabc6e5-1214-44cd-8c82-fabfc0f35987--2090736517-driver-0-1, groupId=spark-kafka-source-1eabc6e5-1214-44cd-8c82-fabfc0f35987--2090736517-driver-0] Connection to node -1 (localhost/127.0.0.1:29092) could not be established. Broker may not be available.
24/09/23 10:46:07 WARN NetworkClient: [Consumer clientId=consumer-spark-kafka-source-1eabc6e5-1214-44cd-8c82-fabfc0f35987--2090736517-driver-0-1, groupId=spark-kafka-source-1eabc6e5-1214-44cd-8c82-fabfc0f35987--2090736517-driver-0] Bootstrap broker localhost:29092 (id: -1 rack: null) disconnected
[2024-09-23T10:46:08.115+0000] {docker.py:324} INFO - 24/09/23 10:46:08 WARN NetworkClient: [Consumer clientId=consumer-spark-kafka-source-1eabc6e5-1214-44cd-8c82-fabfc0f35987--2090736517-driver-0-1, groupId=spark-kafka-source-1eabc6e5-1214-44cd-8c82-fabfc0f35987--2090736517-driver-0] Connection to node -1 (localhost/127.0.0.1:29092) could not be established. Broker may not be available.
24/09/23 10:46:08 WARN NetworkClient: [Consumer clientId=consumer-spark-kafka-source-1eabc6e5-1214-44cd-8c82-fabfc0f35987--2090736517-driver-0-1, groupId=spark-kafka-source-1eabc6e5-1214-44cd-8c82-fabfc0f35987--2090736517-driver-0] Bootstrap broker localhost:29092 (id: -1 rack: null) disconnected
[2024-09-23T10:46:09.172+0000] {docker.py:324} INFO - 24/09/23 10:46:09 WARN NetworkClient: [Consumer clientId=consumer-spark-kafka-source-1eabc6e5-1214-44cd-8c82-fabfc0f35987--2090736517-driver-0-1, groupId=spark-kafka-source-1eabc6e5-1214-44cd-8c82-fabfc0f35987--2090736517-driver-0] Connection to node -1 (localhost/127.0.0.1:29092) could not be established. Broker may not be available.
24/09/23 10:46:09 WARN NetworkClient: [Consumer clientId=consumer-spark-kafka-source-1eabc6e5-1214-44cd-8c82-fabfc0f35987--2090736517-driver-0-1, groupId=spark-kafka-source-1eabc6e5-1214-44cd-8c82-fabfc0f35987--2090736517-driver-0] Bootstrap broker localhost:29092 (id: -1 rack: null) disconnected
[2024-09-23T10:46:10.279+0000] {docker.py:324} INFO - 24/09/23 10:46:10 WARN NetworkClient: [Consumer clientId=consumer-spark-kafka-source-1eabc6e5-1214-44cd-8c82-fabfc0f35987--2090736517-driver-0-1, groupId=spark-kafka-source-1eabc6e5-1214-44cd-8c82-fabfc0f35987--2090736517-driver-0] Connection to node -1 (localhost/127.0.0.1:29092) could not be established. Broker may not be available.
24/09/23 10:46:10 WARN NetworkClient: [Consumer clientId=consumer-spark-kafka-source-1eabc6e5-1214-44cd-8c82-fabfc0f35987--2090736517-driver-0-1, groupId=spark-kafka-source-1eabc6e5-1214-44cd-8c82-fabfc0f35987--2090736517-driver-0] Bootstrap broker localhost:29092 (id: -1 rack: null) disconnected
[2024-09-23T10:46:11.335+0000] {docker.py:324} INFO - 24/09/23 10:46:11 WARN NetworkClient: [Consumer clientId=consumer-spark-kafka-source-1eabc6e5-1214-44cd-8c82-fabfc0f35987--2090736517-driver-0-1, groupId=spark-kafka-source-1eabc6e5-1214-44cd-8c82-fabfc0f35987--2090736517-driver-0] Connection to node -1 (localhost/127.0.0.1:29092) could not be established. Broker may not be available.
24/09/23 10:46:11 WARN NetworkClient: [Consumer clientId=consumer-spark-kafka-source-1eabc6e5-1214-44cd-8c82-fabfc0f35987--2090736517-driver-0-1, groupId=spark-kafka-source-1eabc6e5-1214-44cd-8c82-fabfc0f35987--2090736517-driver-0] Bootstrap broker localhost:29092 (id: -1 rack: null) disconnected
[2024-09-23T10:46:12.241+0000] {docker.py:324} INFO - 24/09/23 10:46:12 WARN NetworkClient: [Consumer clientId=consumer-spark-kafka-source-1eabc6e5-1214-44cd-8c82-fabfc0f35987--2090736517-driver-0-1, groupId=spark-kafka-source-1eabc6e5-1214-44cd-8c82-fabfc0f35987--2090736517-driver-0] Connection to node -1 (localhost/127.0.0.1:29092) could not be established. Broker may not be available.
24/09/23 10:46:12 WARN NetworkClient: [Consumer clientId=consumer-spark-kafka-source-1eabc6e5-1214-44cd-8c82-fabfc0f35987--2090736517-driver-0-1, groupId=spark-kafka-source-1eabc6e5-1214-44cd-8c82-fabfc0f35987--2090736517-driver-0] Bootstrap broker localhost:29092 (id: -1 rack: null) disconnected
[2024-09-23T10:46:13.297+0000] {docker.py:324} INFO - 24/09/23 10:46:13 WARN NetworkClient: [Consumer clientId=consumer-spark-kafka-source-1eabc6e5-1214-44cd-8c82-fabfc0f35987--2090736517-driver-0-1, groupId=spark-kafka-source-1eabc6e5-1214-44cd-8c82-fabfc0f35987--2090736517-driver-0] Connection to node -1 (localhost/127.0.0.1:29092) could not be established. Broker may not be available.
24/09/23 10:46:13 WARN NetworkClient: [Consumer clientId=consumer-spark-kafka-source-1eabc6e5-1214-44cd-8c82-fabfc0f35987--2090736517-driver-0-1, groupId=spark-kafka-source-1eabc6e5-1214-44cd-8c82-fabfc0f35987--2090736517-driver-0] Bootstrap broker localhost:29092 (id: -1 rack: null) disconnected
[2024-09-23T10:46:13.590+0000] {docker.py:324} INFO - Feast is an open source project that collects anonymized error reporting and usage statistics. To opt out or learn more see https://docs.feast.dev/reference/usage
[2024-09-23T10:46:13.952+0000] {taskinstance.py:1412} INFO - Marking task as SUCCESS. dag_id=stream_to_stores, task_id=stream_to_online_task, execution_date=20240923T104513, start_date=20240923T104514, end_date=20240923T104613
[2024-09-23T10:46:13.995+0000] {local_task_job.py:156} INFO - Task exited with return code 0
[2024-09-23T10:46:14.022+0000] {local_task_job.py:279} INFO - 0 downstream tasks scheduled from follow-on schedule check
