[2024-10-16T07:06:24.261+0000] {taskinstance.py:1171} INFO - Dependencies all met for <TaskInstance: materlize_offline_to_online.materialize_task manual__2024-10-16T07:06:23.197943+00:00 [queued]>
[2024-10-16T07:06:24.400+0000] {taskinstance.py:1171} INFO - Dependencies all met for <TaskInstance: materlize_offline_to_online.materialize_task manual__2024-10-16T07:06:23.197943+00:00 [queued]>
[2024-10-16T07:06:24.401+0000] {taskinstance.py:1368} INFO - 
--------------------------------------------------------------------------------
[2024-10-16T07:06:24.401+0000] {taskinstance.py:1369} INFO - Starting attempt 1 of 1
[2024-10-16T07:06:24.401+0000] {taskinstance.py:1370} INFO - 
--------------------------------------------------------------------------------
[2024-10-16T07:06:24.425+0000] {taskinstance.py:1389} INFO - Executing <Task(DockerOperator): materialize_task> on 2024-10-16 07:06:23.197943+00:00
[2024-10-16T07:06:24.433+0000] {standard_task_runner.py:52} INFO - Started process 394 to run task
[2024-10-16T07:06:24.435+0000] {standard_task_runner.py:79} INFO - Running: ['***', 'tasks', 'run', 'materlize_offline_to_online', 'materialize_task', 'manual__2024-10-16T07:06:23.197943+00:00', '--job-id', '9', '--raw', '--subdir', 'DAGS_FOLDER/data_pipeline/materialize_offline_to_online.py', '--cfg-path', '/tmp/tmp0ci7jhpr', '--error-file', '/tmp/tmp2vt89v2y']
[2024-10-16T07:06:24.437+0000] {standard_task_runner.py:80} INFO - Job 9: Subtask materialize_task
[2024-10-16T07:06:24.504+0000] {task_command.py:371} INFO - Running <TaskInstance: materlize_offline_to_online.materialize_task manual__2024-10-16T07:06:23.197943+00:00 [running]> on host bc2dbf4723f9
[2024-10-16T07:06:24.578+0000] {taskinstance.py:1583} INFO - Exporting the following env vars:
AIRFLOW_CTX_DAG_OWNER=mlopsvn
AIRFLOW_CTX_DAG_ID=materlize_offline_to_online
AIRFLOW_CTX_TASK_ID=materialize_task
AIRFLOW_CTX_EXECUTION_DATE=2024-10-16T07:06:23.197943+00:00
AIRFLOW_CTX_TRY_NUMBER=1
AIRFLOW_CTX_DAG_RUN_ID=manual__2024-10-16T07:06:23.197943+00:00
[2024-10-16T07:06:24.601+0000] {docker.py:262} INFO - Starting docker container from image mlopsvn/mlops_crash_course/data_pipeline:latest
[2024-10-16T07:06:24.604+0000] {docker.py:273} WARNING - Using remote engine or docker-in-docker and mounting temporary volume from host is not supported. Falling back to `mount_tmp_dir=False` mode. You can set `mount_tmp_dir` parameter to False to disable mounting and remove the warning
[2024-10-16T07:06:27.803+0000] {docker.py:324} INFO - /opt/venv/lib/python3.9/site-packages/feast/repo_config.py:207: RuntimeWarning: `entity_key_serialization_version` is either not specified in the feature_store.yaml, or is specified to a value <= 1.This serialization version may cause errors when trying to write fields with the `Long` data type into the online store. Specifying `entity_key_serialization_version` to 2 is recommended for new projects. 
  warnings.warn(
[2024-10-16T07:06:27.853+0000] {docker.py:324} INFO - /opt/venv/lib/python3.9/site-packages/feast/stream_feature_view.py:93: RuntimeWarning: Stream feature views are experimental features in alpha development. Some functionality may still be unstable so functionality can change in the future.
  warnings.warn(
[2024-10-16T07:06:27.948+0000] {docker.py:324} INFO - 0it [00:00, ?it/s]
[2024-10-16T07:06:27.948+0000] {docker.py:324} INFO - Feast is an open source project that collects anonymized error reporting and usage statistics. To opt out or learn more see https://docs.feast.dev/reference/usage
Materializing [1m[32m2[0m feature views to [1m[32m2024-10-16 00:00:00+00:00[0m into the [1m[32mredis[0m online store.

[1m[32mdriver_stats[0m from [1m[32m2024-09-23 00:00:00+00:00[0m to [1m[32m2024-10-16 00:00:00+00:00[0m:
[2024-10-16T07:06:27.948+0000] {docker.py:324} INFO - 0it [00:00, ?it/s]
[2024-10-16T07:06:28.066+0000] {docker.py:324} INFO - [1m[32mdriver_stats_stream[0m from [1m[32m2024-09-23 00:00:00+00:00[0m to [1m[32m2024-10-16 00:00:00+00:00[0m:
[2024-10-16T07:06:28.067+0000] {docker.py:324} INFO - 0it [00:00, ?it/s]0it [00:00, ?it/s]
[2024-10-16T07:06:28.068+0000] {docker.py:324} INFO - /opt/venv/lib/python3.9/site-packages/feast/stream_feature_view.py:93: RuntimeWarning: Stream feature views are experimental features in alpha development. Some functionality may still be unstable so functionality can change in the future.
  warnings.warn(
[2024-10-16T07:06:31.698+0000] {taskinstance.py:1412} INFO - Marking task as SUCCESS. dag_id=materlize_offline_to_online, task_id=materialize_task, execution_date=20241016T070623, start_date=20241016T070624, end_date=20241016T070631
[2024-10-16T07:06:31.734+0000] {local_task_job.py:156} INFO - Task exited with return code 0
[2024-10-16T07:06:31.767+0000] {local_task_job.py:279} INFO - 0 downstream tasks scheduled from follow-on schedule check
