[2024-09-23T10:26:03.001+0000] {taskinstance.py:1171} INFO - Dependencies all met for <TaskInstance: materlize_offline_to_online.materialize_task manual__2024-09-23T10:26:02.106871+00:00 [queued]>
[2024-09-23T10:26:03.146+0000] {taskinstance.py:1171} INFO - Dependencies all met for <TaskInstance: materlize_offline_to_online.materialize_task manual__2024-09-23T10:26:02.106871+00:00 [queued]>
[2024-09-23T10:26:03.147+0000] {taskinstance.py:1368} INFO - 
--------------------------------------------------------------------------------
[2024-09-23T10:26:03.147+0000] {taskinstance.py:1369} INFO - Starting attempt 1 of 1
[2024-09-23T10:26:03.147+0000] {taskinstance.py:1370} INFO - 
--------------------------------------------------------------------------------
[2024-09-23T10:26:03.160+0000] {taskinstance.py:1389} INFO - Executing <Task(DockerOperator): materialize_task> on 2024-09-23 10:26:02.106871+00:00
[2024-09-23T10:26:03.165+0000] {standard_task_runner.py:52} INFO - Started process 5245 to run task
[2024-09-23T10:26:03.167+0000] {standard_task_runner.py:79} INFO - Running: ['***', 'tasks', 'run', 'materlize_offline_to_online', 'materialize_task', 'manual__2024-09-23T10:26:02.106871+00:00', '--job-id', '139', '--raw', '--subdir', 'DAGS_FOLDER/data_pipeline/materialize_offline_to_online.py', '--cfg-path', '/tmp/tmp4o8w4h41', '--error-file', '/tmp/tmp6_jyreoc']
[2024-09-23T10:26:03.168+0000] {standard_task_runner.py:80} INFO - Job 139: Subtask materialize_task
[2024-09-23T10:26:03.227+0000] {task_command.py:371} INFO - Running <TaskInstance: materlize_offline_to_online.materialize_task manual__2024-09-23T10:26:02.106871+00:00 [running]> on host dc34e5e06cda
[2024-09-23T10:26:03.312+0000] {taskinstance.py:1583} INFO - Exporting the following env vars:
AIRFLOW_CTX_DAG_OWNER=mlopsvn
AIRFLOW_CTX_DAG_ID=materlize_offline_to_online
AIRFLOW_CTX_TASK_ID=materialize_task
AIRFLOW_CTX_EXECUTION_DATE=2024-09-23T10:26:02.106871+00:00
AIRFLOW_CTX_TRY_NUMBER=1
AIRFLOW_CTX_DAG_RUN_ID=manual__2024-09-23T10:26:02.106871+00:00
[2024-09-23T10:26:03.327+0000] {docker.py:262} INFO - Starting docker container from image mlopsvn/mlops_crash_course/data_pipeline:latest
[2024-09-23T10:26:03.330+0000] {docker.py:273} WARNING - Using remote engine or docker-in-docker and mounting temporary volume from host is not supported. Falling back to `mount_tmp_dir=False` mode. You can set `mount_tmp_dir` parameter to False to disable mounting and remove the warning
[2024-09-23T10:26:05.645+0000] {docker.py:324} INFO - /opt/venv/lib/python3.9/site-packages/feast/repo_config.py:207: RuntimeWarning: `entity_key_serialization_version` is either not specified in the feature_store.yaml, or is specified to a value <= 1.This serialization version may cause errors when trying to write fields with the `Long` data type into the online store. Specifying `entity_key_serialization_version` to 2 is recommended for new projects. 
  warnings.warn(
[2024-09-23T10:26:05.691+0000] {docker.py:324} INFO - /opt/venv/lib/python3.9/site-packages/feast/stream_feature_view.py:93: RuntimeWarning: Stream feature views are experimental features in alpha development. Some functionality may still be unstable so functionality can change in the future.
  warnings.warn(
[2024-09-23T10:26:05.805+0000] {docker.py:324} INFO - Feast is an open source project that collects anonymized error reporting and usage statistics. To opt out or learn more see https://docs.feast.dev/reference/usage
Materializing [1m[32m2[0m feature views to [1m[32m2024-09-23 00:00:00+00:00[0m into the [1m[32mredis[0m online store.

[1m[32mdriver_stats[0m from [1m[32m2024-09-23 00:00:00+00:00[0m to [1m[32m2024-09-23 00:00:00+00:00[0m:
[2024-09-23T10:26:05.805+0000] {docker.py:324} INFO - 0it [00:00, ?it/s]
[2024-09-23T10:26:05.805+0000] {docker.py:324} INFO - 0it [00:00, ?it/s]
[2024-09-23T10:26:05.947+0000] {docker.py:324} INFO - 0it [00:00, ?it/s]
[2024-09-23T10:26:05.947+0000] {docker.py:324} INFO - 0it [00:00, ?it/s]
[2024-09-23T10:26:05.947+0000] {docker.py:324} INFO - [1m[32mdriver_stats_stream[0m from [1m[32m2024-09-23 00:00:00+00:00[0m to [1m[32m2024-09-23 00:00:00+00:00[0m:
[2024-09-23T10:26:05.948+0000] {docker.py:324} INFO - /opt/venv/lib/python3.9/site-packages/feast/stream_feature_view.py:93: RuntimeWarning: Stream feature views are experimental features in alpha development. Some functionality may still be unstable so functionality can change in the future.
  warnings.warn(
[2024-09-23T10:26:06.654+0000] {taskinstance.py:1412} INFO - Marking task as SUCCESS. dag_id=materlize_offline_to_online, task_id=materialize_task, execution_date=20240923T102602, start_date=20240923T102603, end_date=20240923T102606
[2024-09-23T10:26:06.710+0000] {local_task_job.py:156} INFO - Task exited with return code 0
[2024-09-23T10:26:06.739+0000] {local_task_job.py:279} INFO - 0 downstream tasks scheduled from follow-on schedule check
