[2024-10-16T07:06:45.802+0000] {taskinstance.py:1171} INFO - Dependencies all met for <TaskInstance: stream_to_stores.stream_to_offline_task manual__2024-10-16T07:06:44.116241+00:00 [queued]>
[2024-10-16T07:06:45.955+0000] {taskinstance.py:1171} INFO - Dependencies all met for <TaskInstance: stream_to_stores.stream_to_offline_task manual__2024-10-16T07:06:44.116241+00:00 [queued]>
[2024-10-16T07:06:45.956+0000] {taskinstance.py:1368} INFO - 
--------------------------------------------------------------------------------
[2024-10-16T07:06:45.956+0000] {taskinstance.py:1369} INFO - Starting attempt 1 of 1
[2024-10-16T07:06:45.956+0000] {taskinstance.py:1370} INFO - 
--------------------------------------------------------------------------------
[2024-10-16T07:06:45.972+0000] {taskinstance.py:1389} INFO - Executing <Task(DockerOperator): stream_to_offline_task> on 2024-10-16 07:06:44.116241+00:00
[2024-10-16T07:06:45.978+0000] {standard_task_runner.py:52} INFO - Started process 437 to run task
[2024-10-16T07:06:45.981+0000] {standard_task_runner.py:79} INFO - Running: ['***', 'tasks', 'run', 'stream_to_stores', 'stream_to_offline_task', 'manual__2024-10-16T07:06:44.116241+00:00', '--job-id', '13', '--raw', '--subdir', 'DAGS_FOLDER/data_pipeline/stream_to_stores.py', '--cfg-path', '/tmp/tmpmdm5k243', '--error-file', '/tmp/tmpl796tu_q']
[2024-10-16T07:06:45.982+0000] {standard_task_runner.py:80} INFO - Job 13: Subtask stream_to_offline_task
[2024-10-16T07:06:46.086+0000] {task_command.py:371} INFO - Running <TaskInstance: stream_to_stores.stream_to_offline_task manual__2024-10-16T07:06:44.116241+00:00 [running]> on host bc2dbf4723f9
[2024-10-16T07:06:46.203+0000] {taskinstance.py:1583} INFO - Exporting the following env vars:
AIRFLOW_CTX_DAG_OWNER=mlopsvn
AIRFLOW_CTX_DAG_ID=stream_to_stores
AIRFLOW_CTX_TASK_ID=stream_to_offline_task
AIRFLOW_CTX_EXECUTION_DATE=2024-10-16T07:06:44.116241+00:00
AIRFLOW_CTX_TRY_NUMBER=1
AIRFLOW_CTX_DAG_RUN_ID=manual__2024-10-16T07:06:44.116241+00:00
[2024-10-16T07:06:46.229+0000] {docker.py:262} INFO - Starting docker container from image mlopsvn/mlops_crash_course/data_pipeline:latest
[2024-10-16T07:06:46.233+0000] {docker.py:273} WARNING - Using remote engine or docker-in-docker and mounting temporary volume from host is not supported. Falling back to `mount_tmp_dir=False` mode. You can set `mount_tmp_dir` parameter to False to disable mounting and remove the warning
[2024-10-16T07:06:51.503+0000] {docker.py:324} INFO - WARNING: An illegal reflective access operation has occurred
WARNING: Illegal reflective access by org.apache.spark.unsafe.Platform (file:/opt/venv/lib/python3.9/site-packages/pyspark/jars/spark-unsafe_2.12-3.0.1.jar) to constructor java.nio.DirectByteBuffer(long,int)
WARNING: Please consider reporting this to the maintainers of org.apache.spark.unsafe.Platform
WARNING: Use --illegal-access=warn to enable warnings of further illegal reflective access operations
WARNING: All illegal access operations will be denied in a future release
[2024-10-16T07:06:51.505+0000] {docker.py:324} INFO - 
[2024-10-16T07:06:51.766+0000] {docker.py:324} INFO - Ivy Default Cache set to: /root/.ivy2/cache
[2024-10-16T07:06:51.767+0000] {docker.py:324} INFO - The jars for the packages stored in: /root/.ivy2/jars
[2024-10-16T07:06:51.810+0000] {docker.py:324} INFO - :: loading settings :: url = jar:file:/opt/venv/lib/python3.9/site-packages/pyspark/jars/ivy-2.4.0.jar!/org/apache/ivy/core/settings/ivysettings.xml
[2024-10-16T07:06:52.025+0000] {docker.py:324} INFO - org.apache.spark#spark-sql-kafka-0-10_2.12 added as a dependency
[2024-10-16T07:06:52.029+0000] {docker.py:324} INFO - :: resolving dependencies :: org.apache.spark#spark-submit-parent-1ac67c8a-18d9-4f32-b2b6-9e618659dddb;1.0
	confs: [default]
[2024-10-16T07:06:59.329+0000] {docker.py:324} INFO - found org.apache.spark#spark-sql-kafka-0-10_2.12;3.0.0 in central
[2024-10-16T07:06:59.333+0000] {docker.py:324} INFO - 
[2024-10-16T07:07:00.544+0000] {docker.py:324} INFO - found org.apache.spark#spark-token-provider-kafka-0-10_2.12;3.0.0 in central
[2024-10-16T07:07:01.972+0000] {docker.py:324} INFO - found org.apache.kafka#kafka-clients;2.4.1 in central
[2024-10-16T07:07:03.297+0000] {docker.py:324} INFO - found com.github.luben#zstd-jni;1.4.4-3 in central
[2024-10-16T07:07:04.477+0000] {docker.py:324} INFO - found org.lz4#lz4-java;1.7.1 in central
[2024-10-16T07:07:05.655+0000] {docker.py:324} INFO - found org.xerial.snappy#snappy-java;1.1.7.5 in central
[2024-10-16T07:07:08.731+0000] {docker.py:324} INFO - found org.slf4j#slf4j-api;1.7.30 in central
[2024-10-16T07:07:11.132+0000] {docker.py:324} INFO - found org.spark-project.spark#unused;1.0.0 in central
[2024-10-16T07:07:14.567+0000] {docker.py:324} INFO - found org.apache.commons#commons-pool2;2.6.2 in central
[2024-10-16T07:07:14.584+0000] {docker.py:324} INFO - downloading https://repo1.maven.org/maven2/org/apache/spark/spark-sql-kafka-0-10_2.12/3.0.0/spark-sql-kafka-0-10_2.12-3.0.0.jar ...
[2024-10-16T07:07:15.245+0000] {docker.py:324} INFO - [SUCCESSFUL ] org.apache.spark#spark-sql-kafka-0-10_2.12;3.0.0!spark-sql-kafka-0-10_2.12.jar (662ms)
[2024-10-16T07:07:15.246+0000] {docker.py:324} INFO - downloading https://repo1.maven.org/maven2/org/apache/spark/spark-token-provider-kafka-0-10_2.12/3.0.0/spark-token-provider-kafka-0-10_2.12-3.0.0.jar ...
[2024-10-16T07:07:19.336+0000] {docker.py:324} INFO - [SUCCESSFUL ] org.apache.spark#spark-token-provider-kafka-0-10_2.12;3.0.0!spark-token-provider-kafka-0-10_2.12.jar (4090ms)
[2024-10-16T07:07:19.336+0000] {docker.py:324} INFO - downloading https://repo1.maven.org/maven2/org/apache/kafka/kafka-clients/2.4.1/kafka-clients-2.4.1.jar ...
[2024-10-16T07:07:22.431+0000] {docker.py:324} INFO - [SUCCESSFUL ] org.apache.kafka#kafka-clients;2.4.1!kafka-clients.jar (3095ms)
[2024-10-16T07:07:22.432+0000] {docker.py:324} INFO - downloading https://repo1.maven.org/maven2/org/apache/commons/commons-pool2/2.6.2/commons-pool2-2.6.2.jar ...
[2024-10-16T07:07:22.691+0000] {docker.py:324} INFO - [SUCCESSFUL ] org.apache.commons#commons-pool2;2.6.2!commons-pool2.jar (260ms)
[2024-10-16T07:07:22.692+0000] {docker.py:324} INFO - downloading https://repo1.maven.org/maven2/org/spark-project/spark/unused/1.0.0/unused-1.0.0.jar ...
[2024-10-16T07:07:22.888+0000] {docker.py:324} INFO - [SUCCESSFUL ] org.spark-project.spark#unused;1.0.0!unused.jar (196ms)
[2024-10-16T07:07:22.890+0000] {docker.py:324} INFO - downloading https://repo1.maven.org/maven2/com/github/luben/zstd-jni/1.4.4-3/zstd-jni-1.4.4-3.jar ...
[2024-10-16T07:07:22.891+0000] {docker.py:324} INFO - 
[2024-10-16T07:07:25.374+0000] {docker.py:324} INFO - [SUCCESSFUL ] com.github.luben#zstd-jni;1.4.4-3!zstd-jni.jar (2485ms)
[2024-10-16T07:07:25.377+0000] {docker.py:324} INFO - downloading https://repo1.maven.org/maven2/org/lz4/lz4-java/1.7.1/lz4-java-1.7.1.jar ...
[2024-10-16T07:07:25.815+0000] {docker.py:324} INFO - [SUCCESSFUL ] org.lz4#lz4-java;1.7.1!lz4-java.jar (439ms)
[2024-10-16T07:07:25.816+0000] {docker.py:324} INFO - downloading https://repo1.maven.org/maven2/org/xerial/snappy/snappy-java/1.1.7.5/snappy-java-1.1.7.5.jar ...
[2024-10-16T07:07:26.646+0000] {docker.py:324} INFO - [SUCCESSFUL ] org.xerial.snappy#snappy-java;1.1.7.5!snappy-java.jar(bundle) (830ms)
[2024-10-16T07:07:26.647+0000] {docker.py:324} INFO - 
[2024-10-16T07:07:26.653+0000] {docker.py:324} INFO - downloading https://repo1.maven.org/maven2/org/slf4j/slf4j-api/1.7.30/slf4j-api-1.7.30.jar ...
[2024-10-16T07:07:26.655+0000] {docker.py:324} INFO - 
[2024-10-16T07:07:26.865+0000] {docker.py:324} INFO - [SUCCESSFUL ] org.slf4j#slf4j-api;1.7.30!slf4j-api.jar (211ms)
[2024-10-16T07:07:26.865+0000] {docker.py:324} INFO - :: resolution report :: resolve 22554ms :: artifacts dl 12284ms
	:: modules in use:
[2024-10-16T07:07:26.866+0000] {docker.py:324} INFO - com.github.luben#zstd-jni;1.4.4-3 from central in [default]
[2024-10-16T07:07:26.866+0000] {docker.py:324} INFO - 
[2024-10-16T07:07:26.866+0000] {docker.py:324} INFO - org.apache.commons#commons-pool2;2.6.2 from central in [default]
[2024-10-16T07:07:26.867+0000] {docker.py:324} INFO - 
[2024-10-16T07:07:26.867+0000] {docker.py:324} INFO - org.apache.kafka#kafka-clients;2.4.1 from central in [default]
[2024-10-16T07:07:26.867+0000] {docker.py:324} INFO - 
[2024-10-16T07:07:26.867+0000] {docker.py:324} INFO - org.apache.spark#spark-sql-kafka-0-10_2.12;3.0.0 from central in [default]
[2024-10-16T07:07:26.868+0000] {docker.py:324} INFO - 
[2024-10-16T07:07:26.868+0000] {docker.py:324} INFO - org.apache.spark#spark-token-provider-kafka-0-10_2.12;3.0.0 from central in [default]
[2024-10-16T07:07:26.868+0000] {docker.py:324} INFO - 
[2024-10-16T07:07:26.868+0000] {docker.py:324} INFO - org.lz4#lz4-java;1.7.1 from central in [default]
[2024-10-16T07:07:26.868+0000] {docker.py:324} INFO - 
[2024-10-16T07:07:26.868+0000] {docker.py:324} INFO - org.slf4j#slf4j-api;1.7.30 from central in [default]
[2024-10-16T07:07:26.869+0000] {docker.py:324} INFO - 
[2024-10-16T07:07:26.869+0000] {docker.py:324} INFO - org.spark-project.spark#unused;1.0.0 from central in [default]
[2024-10-16T07:07:26.869+0000] {docker.py:324} INFO - 
[2024-10-16T07:07:26.869+0000] {docker.py:324} INFO - org.xerial.snappy#snappy-java;1.1.7.5 from central in [default]
[2024-10-16T07:07:26.869+0000] {docker.py:324} INFO - 
[2024-10-16T07:07:26.870+0000] {docker.py:324} INFO - ---------------------------------------------------------------------
[2024-10-16T07:07:26.870+0000] {docker.py:324} INFO - 
[2024-10-16T07:07:26.870+0000] {docker.py:324} INFO - |                  |            modules            ||   artifacts   |
[2024-10-16T07:07:26.870+0000] {docker.py:324} INFO - 
[2024-10-16T07:07:26.871+0000] {docker.py:324} INFO - |       conf       | number| search|dwnlded|evicted|| number|dwnlded|
[2024-10-16T07:07:26.871+0000] {docker.py:324} INFO - 
[2024-10-16T07:07:26.871+0000] {docker.py:324} INFO - ---------------------------------------------------------------------
[2024-10-16T07:07:26.872+0000] {docker.py:324} INFO - 
[2024-10-16T07:07:26.872+0000] {docker.py:324} INFO - |      default     |   9   |   9   |   9   |   0   ||   9   |   9   |
[2024-10-16T07:07:26.872+0000] {docker.py:324} INFO - 
[2024-10-16T07:07:26.872+0000] {docker.py:324} INFO - ---------------------------------------------------------------------
[2024-10-16T07:07:26.873+0000] {docker.py:324} INFO - 
[2024-10-16T07:07:26.896+0000] {docker.py:324} INFO - :: retrieving :: org.apache.spark#spark-submit-parent-1ac67c8a-18d9-4f32-b2b6-9e618659dddb
[2024-10-16T07:07:26.897+0000] {docker.py:324} INFO - 
[2024-10-16T07:07:26.898+0000] {docker.py:324} INFO - confs: [default]
[2024-10-16T07:07:26.933+0000] {docker.py:324} INFO - 9 artifacts copied, 0 already retrieved (10393kB/35ms)
[2024-10-16T07:07:27.522+0000] {docker.py:324} INFO - 24/10/16 07:07:27 WARN NativeCodeLoader: Unable to load native-hadoop library for your platform... using builtin-java classes where applicable
[2024-10-16T07:07:28.532+0000] {docker.py:324} INFO - Using Spark's default log4j profile: org/apache/spark/log4j-defaults.properties
[2024-10-16T07:07:28.532+0000] {docker.py:324} INFO - Setting default log level to "WARN".
[2024-10-16T07:07:28.533+0000] {docker.py:324} INFO - To adjust logging level use sc.setLogLevel(newLevel). For SparkR, use setLogLevel(newLevel).
[2024-10-16T07:07:32.736+0000] {docker.py:324} INFO - /opt/venv/lib/python3.9/site-packages/pyspark/sql/context.py:75: DeprecationWarning: Deprecated in 3.0.0. Use SparkSession.builder.getOrCreate() instead.
  warnings.warn(
[2024-10-16T07:07:34.260+0000] {docker.py:324} INFO - /opt/venv/lib/python3.9/site-packages/feast/repo_config.py:207: RuntimeWarning: `entity_key_serialization_version` is either not specified in the feature_store.yaml, or is specified to a value <= 1.This serialization version may cause errors when trying to write fields with the `Long` data type into the online store. Specifying `entity_key_serialization_version` to 2 is recommended for new projects. 
  warnings.warn(
[2024-10-16T07:07:34.268+0000] {docker.py:324} INFO - /opt/venv/lib/python3.9/site-packages/feast/stream_feature_view.py:93: RuntimeWarning: Stream feature views are experimental features in alpha development. Some functionality may still be unstable so functionality can change in the future.
  warnings.warn(
[2024-10-16T07:07:39.403+0000] {docker.py:324} INFO - 24/10/16 07:07:39 WARN NetworkClient: [Consumer clientId=consumer-spark-kafka-source-7e20e9b2-beca-491f-a27f-ac69892362bd--2090736517-driver-0-1, groupId=spark-kafka-source-7e20e9b2-beca-491f-a27f-ac69892362bd--2090736517-driver-0] Connection to node -1 (localhost/127.0.0.1:29092) could not be established. Broker may not be available.
[2024-10-16T07:07:39.403+0000] {docker.py:324} INFO - 24/10/16 07:07:39 WARN NetworkClient: [Consumer clientId=consumer-spark-kafka-source-7e20e9b2-beca-491f-a27f-ac69892362bd--2090736517-driver-0-1, groupId=spark-kafka-source-7e20e9b2-beca-491f-a27f-ac69892362bd--2090736517-driver-0] Bootstrap broker localhost:29092 (id: -1 rack: null) disconnected
[2024-10-16T07:07:39.503+0000] {docker.py:324} INFO - 24/10/16 07:07:39 WARN NetworkClient: [Consumer clientId=consumer-spark-kafka-source-7e20e9b2-beca-491f-a27f-ac69892362bd--2090736517-driver-0-1, groupId=spark-kafka-source-7e20e9b2-beca-491f-a27f-ac69892362bd--2090736517-driver-0] Connection to node -1 (localhost/127.0.0.1:29092) could not be established. Broker may not be available.
24/10/16 07:07:39 WARN NetworkClient: [Consumer clientId=consumer-spark-kafka-source-7e20e9b2-beca-491f-a27f-ac69892362bd--2090736517-driver-0-1, groupId=spark-kafka-source-7e20e9b2-beca-491f-a27f-ac69892362bd--2090736517-driver-0] Bootstrap broker localhost:29092 (id: -1 rack: null) disconnected
[2024-10-16T07:07:39.656+0000] {docker.py:324} INFO - 24/10/16 07:07:39 WARN NetworkClient: [Consumer clientId=consumer-spark-kafka-source-7e20e9b2-beca-491f-a27f-ac69892362bd--2090736517-driver-0-1, groupId=spark-kafka-source-7e20e9b2-beca-491f-a27f-ac69892362bd--2090736517-driver-0] Connection to node -1 (localhost/127.0.0.1:29092) could not be established. Broker may not be available.
[2024-10-16T07:07:39.656+0000] {docker.py:324} INFO - 24/10/16 07:07:39 WARN NetworkClient: [Consumer clientId=consumer-spark-kafka-source-7e20e9b2-beca-491f-a27f-ac69892362bd--2090736517-driver-0-1, groupId=spark-kafka-source-7e20e9b2-beca-491f-a27f-ac69892362bd--2090736517-driver-0] Bootstrap broker localhost:29092 (id: -1 rack: null) disconnected
[2024-10-16T07:07:39.858+0000] {docker.py:324} INFO - 24/10/16 07:07:39 WARN NetworkClient: [Consumer clientId=consumer-spark-kafka-source-7e20e9b2-beca-491f-a27f-ac69892362bd--2090736517-driver-0-1, groupId=spark-kafka-source-7e20e9b2-beca-491f-a27f-ac69892362bd--2090736517-driver-0] Connection to node -1 (localhost/127.0.0.1:29092) could not be established. Broker may not be available.
24/10/16 07:07:39 WARN NetworkClient: [Consumer clientId=consumer-spark-kafka-source-7e20e9b2-beca-491f-a27f-ac69892362bd--2090736517-driver-0-1, groupId=spark-kafka-source-7e20e9b2-beca-491f-a27f-ac69892362bd--2090736517-driver-0] Bootstrap broker localhost:29092 (id: -1 rack: null) disconnected
[2024-10-16T07:07:40.261+0000] {docker.py:324} INFO - 24/10/16 07:07:40 WARN NetworkClient: [Consumer clientId=consumer-spark-kafka-source-7e20e9b2-beca-491f-a27f-ac69892362bd--2090736517-driver-0-1, groupId=spark-kafka-source-7e20e9b2-beca-491f-a27f-ac69892362bd--2090736517-driver-0] Connection to node -1 (localhost/127.0.0.1:29092) could not be established. Broker may not be available.
24/10/16 07:07:40 WARN NetworkClient: [Consumer clientId=consumer-spark-kafka-source-7e20e9b2-beca-491f-a27f-ac69892362bd--2090736517-driver-0-1, groupId=spark-kafka-source-7e20e9b2-beca-491f-a27f-ac69892362bd--2090736517-driver-0] Bootstrap broker localhost:29092 (id: -1 rack: null) disconnected
[2024-10-16T07:07:41.218+0000] {docker.py:324} INFO - 24/10/16 07:07:41 WARN NetworkClient: [Consumer clientId=consumer-spark-kafka-source-7e20e9b2-beca-491f-a27f-ac69892362bd--2090736517-driver-0-1, groupId=spark-kafka-source-7e20e9b2-beca-491f-a27f-ac69892362bd--2090736517-driver-0] Connection to node -1 (localhost/127.0.0.1:29092) could not be established. Broker may not be available.
24/10/16 07:07:41 WARN NetworkClient: [Consumer clientId=consumer-spark-kafka-source-7e20e9b2-beca-491f-a27f-ac69892362bd--2090736517-driver-0-1, groupId=spark-kafka-source-7e20e9b2-beca-491f-a27f-ac69892362bd--2090736517-driver-0] Bootstrap broker localhost:29092 (id: -1 rack: null) disconnected
[2024-10-16T07:07:42.376+0000] {docker.py:324} INFO - 24/10/16 07:07:42 WARN NetworkClient: [Consumer clientId=consumer-spark-kafka-source-7e20e9b2-beca-491f-a27f-ac69892362bd--2090736517-driver-0-1, groupId=spark-kafka-source-7e20e9b2-beca-491f-a27f-ac69892362bd--2090736517-driver-0] Connection to node -1 (localhost/127.0.0.1:29092) could not be established. Broker may not be available.
24/10/16 07:07:42 WARN NetworkClient: [Consumer clientId=consumer-spark-kafka-source-7e20e9b2-beca-491f-a27f-ac69892362bd--2090736517-driver-0-1, groupId=spark-kafka-source-7e20e9b2-beca-491f-a27f-ac69892362bd--2090736517-driver-0] Bootstrap broker localhost:29092 (id: -1 rack: null) disconnected
[2024-10-16T07:07:43.536+0000] {docker.py:324} INFO - 24/10/16 07:07:43 WARN NetworkClient: [Consumer clientId=consumer-spark-kafka-source-7e20e9b2-beca-491f-a27f-ac69892362bd--2090736517-driver-0-1, groupId=spark-kafka-source-7e20e9b2-beca-491f-a27f-ac69892362bd--2090736517-driver-0] Connection to node -1 (localhost/127.0.0.1:29092) could not be established. Broker may not be available.
[2024-10-16T07:07:43.537+0000] {docker.py:324} INFO - 24/10/16 07:07:43 WARN NetworkClient: [Consumer clientId=consumer-spark-kafka-source-7e20e9b2-beca-491f-a27f-ac69892362bd--2090736517-driver-0-1, groupId=spark-kafka-source-7e20e9b2-beca-491f-a27f-ac69892362bd--2090736517-driver-0] Bootstrap broker localhost:29092 (id: -1 rack: null) disconnected
[2024-10-16T07:07:44.593+0000] {docker.py:324} INFO - 24/10/16 07:07:44 WARN NetworkClient: [Consumer clientId=consumer-spark-kafka-source-7e20e9b2-beca-491f-a27f-ac69892362bd--2090736517-driver-0-1, groupId=spark-kafka-source-7e20e9b2-beca-491f-a27f-ac69892362bd--2090736517-driver-0] Connection to node -1 (localhost/127.0.0.1:29092) could not be established. Broker may not be available.
24/10/16 07:07:44 WARN NetworkClient: [Consumer clientId=consumer-spark-kafka-source-7e20e9b2-beca-491f-a27f-ac69892362bd--2090736517-driver-0-1, groupId=spark-kafka-source-7e20e9b2-beca-491f-a27f-ac69892362bd--2090736517-driver-0] Bootstrap broker localhost:29092 (id: -1 rack: null) disconnected
[2024-10-16T07:07:45.550+0000] {docker.py:324} INFO - 24/10/16 07:07:45 WARN NetworkClient: [Consumer clientId=consumer-spark-kafka-source-7e20e9b2-beca-491f-a27f-ac69892362bd--2090736517-driver-0-1, groupId=spark-kafka-source-7e20e9b2-beca-491f-a27f-ac69892362bd--2090736517-driver-0] Connection to node -1 (localhost/127.0.0.1:29092) could not be established. Broker may not be available.
24/10/16 07:07:45 WARN NetworkClient: [Consumer clientId=consumer-spark-kafka-source-7e20e9b2-beca-491f-a27f-ac69892362bd--2090736517-driver-0-1, groupId=spark-kafka-source-7e20e9b2-beca-491f-a27f-ac69892362bd--2090736517-driver-0] Bootstrap broker localhost:29092 (id: -1 rack: null) disconnected
[2024-10-16T07:07:46.557+0000] {docker.py:324} INFO - 24/10/16 07:07:46 WARN NetworkClient: [Consumer clientId=consumer-spark-kafka-source-7e20e9b2-beca-491f-a27f-ac69892362bd--2090736517-driver-0-1, groupId=spark-kafka-source-7e20e9b2-beca-491f-a27f-ac69892362bd--2090736517-driver-0] Connection to node -1 (localhost/127.0.0.1:29092) could not be established. Broker may not be available.
24/10/16 07:07:46 WARN NetworkClient: [Consumer clientId=consumer-spark-kafka-source-7e20e9b2-beca-491f-a27f-ac69892362bd--2090736517-driver-0-1, groupId=spark-kafka-source-7e20e9b2-beca-491f-a27f-ac69892362bd--2090736517-driver-0] Bootstrap broker localhost:29092 (id: -1 rack: null) disconnected
[2024-10-16T07:07:47.713+0000] {docker.py:324} INFO - 24/10/16 07:07:47 WARN NetworkClient: [Consumer clientId=consumer-spark-kafka-source-7e20e9b2-beca-491f-a27f-ac69892362bd--2090736517-driver-0-1, groupId=spark-kafka-source-7e20e9b2-beca-491f-a27f-ac69892362bd--2090736517-driver-0] Connection to node -1 (localhost/127.0.0.1:29092) could not be established. Broker may not be available.
24/10/16 07:07:47 WARN NetworkClient: [Consumer clientId=consumer-spark-kafka-source-7e20e9b2-beca-491f-a27f-ac69892362bd--2090736517-driver-0-1, groupId=spark-kafka-source-7e20e9b2-beca-491f-a27f-ac69892362bd--2090736517-driver-0] Bootstrap broker localhost:29092 (id: -1 rack: null) disconnected
[2024-10-16T07:07:48.870+0000] {docker.py:324} INFO - 24/10/16 07:07:48 WARN NetworkClient: [Consumer clientId=consumer-spark-kafka-source-7e20e9b2-beca-491f-a27f-ac69892362bd--2090736517-driver-0-1, groupId=spark-kafka-source-7e20e9b2-beca-491f-a27f-ac69892362bd--2090736517-driver-0] Connection to node -1 (localhost/127.0.0.1:29092) could not be established. Broker may not be available.
24/10/16 07:07:48 WARN NetworkClient: [Consumer clientId=consumer-spark-kafka-source-7e20e9b2-beca-491f-a27f-ac69892362bd--2090736517-driver-0-1, groupId=spark-kafka-source-7e20e9b2-beca-491f-a27f-ac69892362bd--2090736517-driver-0] Bootstrap broker localhost:29092 (id: -1 rack: null) disconnected
[2024-10-16T07:07:49.877+0000] {docker.py:324} INFO - 24/10/16 07:07:49 WARN NetworkClient: [Consumer clientId=consumer-spark-kafka-source-7e20e9b2-beca-491f-a27f-ac69892362bd--2090736517-driver-0-1, groupId=spark-kafka-source-7e20e9b2-beca-491f-a27f-ac69892362bd--2090736517-driver-0] Connection to node -1 (localhost/127.0.0.1:29092) could not be established. Broker may not be available.
24/10/16 07:07:49 WARN NetworkClient: [Consumer clientId=consumer-spark-kafka-source-7e20e9b2-beca-491f-a27f-ac69892362bd--2090736517-driver-0-1, groupId=spark-kafka-source-7e20e9b2-beca-491f-a27f-ac69892362bd--2090736517-driver-0] Bootstrap broker localhost:29092 (id: -1 rack: null) disconnected
[2024-10-16T07:07:51.085+0000] {docker.py:324} INFO - 24/10/16 07:07:51 WARN NetworkClient: [Consumer clientId=consumer-spark-kafka-source-7e20e9b2-beca-491f-a27f-ac69892362bd--2090736517-driver-0-1, groupId=spark-kafka-source-7e20e9b2-beca-491f-a27f-ac69892362bd--2090736517-driver-0] Connection to node -1 (localhost/127.0.0.1:29092) could not be established. Broker may not be available.
24/10/16 07:07:51 WARN NetworkClient: [Consumer clientId=consumer-spark-kafka-source-7e20e9b2-beca-491f-a27f-ac69892362bd--2090736517-driver-0-1, groupId=spark-kafka-source-7e20e9b2-beca-491f-a27f-ac69892362bd--2090736517-driver-0] Bootstrap broker localhost:29092 (id: -1 rack: null) disconnected
[2024-10-16T07:07:52.294+0000] {docker.py:324} INFO - 24/10/16 07:07:52 WARN NetworkClient: [Consumer clientId=consumer-spark-kafka-source-7e20e9b2-beca-491f-a27f-ac69892362bd--2090736517-driver-0-1, groupId=spark-kafka-source-7e20e9b2-beca-491f-a27f-ac69892362bd--2090736517-driver-0] Connection to node -1 (localhost/127.0.0.1:29092) could not be established. Broker may not be available.
24/10/16 07:07:52 WARN NetworkClient: [Consumer clientId=consumer-spark-kafka-source-7e20e9b2-beca-491f-a27f-ac69892362bd--2090736517-driver-0-1, groupId=spark-kafka-source-7e20e9b2-beca-491f-a27f-ac69892362bd--2090736517-driver-0] Bootstrap broker localhost:29092 (id: -1 rack: null) disconnected
[2024-10-16T07:07:53.150+0000] {docker.py:324} INFO - 24/10/16 07:07:53 WARN NetworkClient: [Consumer clientId=consumer-spark-kafka-source-7e20e9b2-beca-491f-a27f-ac69892362bd--2090736517-driver-0-1, groupId=spark-kafka-source-7e20e9b2-beca-491f-a27f-ac69892362bd--2090736517-driver-0] Connection to node -1 (localhost/127.0.0.1:29092) could not be established. Broker may not be available.
24/10/16 07:07:53 WARN NetworkClient: [Consumer clientId=consumer-spark-kafka-source-7e20e9b2-beca-491f-a27f-ac69892362bd--2090736517-driver-0-1, groupId=spark-kafka-source-7e20e9b2-beca-491f-a27f-ac69892362bd--2090736517-driver-0] Bootstrap broker localhost:29092 (id: -1 rack: null) disconnected
[2024-10-16T07:07:54.043+0000] {docker.py:324} INFO - Feast is an open source project that collects anonymized error reporting and usage statistics. To opt out or learn more see https://docs.feast.dev/reference/usage
[2024-10-16T07:07:54.154+0000] {docker.py:324} INFO - 24/10/16 07:07:54 WARN NetworkClient: [Consumer clientId=consumer-spark-kafka-source-7e20e9b2-beca-491f-a27f-ac69892362bd--2090736517-driver-0-1, groupId=spark-kafka-source-7e20e9b2-beca-491f-a27f-ac69892362bd--2090736517-driver-0] Connection to node -1 (localhost/127.0.0.1:29092) could not be established. Broker may not be available.
24/10/16 07:07:54 WARN NetworkClient: [Consumer clientId=consumer-spark-kafka-source-7e20e9b2-beca-491f-a27f-ac69892362bd--2090736517-driver-0-1, groupId=spark-kafka-source-7e20e9b2-beca-491f-a27f-ac69892362bd--2090736517-driver-0] Bootstrap broker localhost:29092 (id: -1 rack: null) disconnected
[2024-10-16T07:07:54.404+0000] {taskinstance.py:1412} INFO - Marking task as SUCCESS. dag_id=stream_to_stores, task_id=stream_to_offline_task, execution_date=20241016T070644, start_date=20241016T070645, end_date=20241016T070754
[2024-10-16T07:07:54.423+0000] {local_task_job.py:156} INFO - Task exited with return code 0
[2024-10-16T07:07:54.443+0000] {local_task_job.py:279} INFO - 0 downstream tasks scheduled from follow-on schedule check
